---------------------------------------------------------------
[ 2018-09-30T10:51:26+08:00 ] 127.0.0.1 GET /
[ info ] www.shops.com/ [运行时间：1.514781s][吞吐率：0.66req/s] [内存消耗：3,606.13kb] [文件加载：64]
[ info ] [ LANG ] D:\Vc_PHP\Apache24\htdocs\Bookstore\shop\thinkphp\lang\zh-cn.php
[ info ] [ ROUTE ] array (
  'type' => 'module',
  'module' => 
  array (
    0 => '',
    1 => NULL,
    2 => NULL,
  ),
)
[ info ] [ HEADER ] array (
  'host' => 'www.shops.com',
  'connection' => 'keep-alive',
  'upgrade-insecure-requests' => '1',
  'user-agent' => 'Mozilla/5.0 (Windows NT 10.0; Win64; x64) AppleWebKit/537.36 (KHTML, like Gecko) Chrome/69.0.3497.100 Safari/537.36',
  'accept' => 'text/html,application/xhtml+xml,application/xml;q=0.9,image/webp,image/apng,*/*;q=0.8',
  'referer' => 'http://www.thinkshops.com/',
  'accept-encoding' => 'gzip, deflate',
  'accept-language' => 'zh-CN,zh;q=0.9,zh-TW;q=0.8',
)
[ info ] [ PARAM ] array (
)
[ info ] [ RUN ] app\index\controller\Index->index[ D:\Vc_PHP\Apache24\htdocs\Bookstore\shop\application\index\controller\Index.php ]
[ info ] [ VIEW ] D:\Vc_PHP\Apache24\htdocs\Bookstore\shop\public/../application/index\view\index\index.html [ array (
) ]
[ info ] [ RUN ] app\index\widget\Widgets->head_nav[ D:\Vc_PHP\Apache24\htdocs\Bookstore\shop\application\index\widget\Widgets.php ]
[ info ] [ SESSION ] INIT array (
  'id' => '',
  'var_session_id' => '',
  'prefix' => 'think',
  'type' => '',
  'auto_start' => true,
)
[ info ] [ DB ] INIT mysql
[ info ] [ VIEW ] D:\Vc_PHP\Apache24\htdocs\Bookstore\shop\public/../application/index\view\widget\head_nav.html [ array (
  0 => 'data',
) ]
[ info ] [ RUN ] app\index\widget\Widgets->retrieval[ D:\Vc_PHP\Apache24\htdocs\Bookstore\shop\application\index\widget\Widgets.php ]
[ info ] [ VIEW ] D:\Vc_PHP\Apache24\htdocs\Bookstore\shop\public/../application/index\view\widget\retrieval.html [ array (
  0 => 'data',
) ]
[ info ] [ RUN ] app\index\widget\Widgets->main_nav[ D:\Vc_PHP\Apache24\htdocs\Bookstore\shop\application\index\widget\Widgets.php ]
[ info ] [ VIEW ] D:\Vc_PHP\Apache24\htdocs\Bookstore\shop\public/../application/index\view\widget\main_nav.html [ array (
  0 => 'data',
) ]
[ info ] [ RUN ] app\index\widget\Widgets->hot_images[ D:\Vc_PHP\Apache24\htdocs\Bookstore\shop\application\index\widget\Widgets.php ]
[ info ] [ VIEW ] D:\Vc_PHP\Apache24\htdocs\Bookstore\shop\public/../application/index\view\widget\hot_images.html [ array (
  0 => 'data',
) ]
[ info ] [ RUN ] app\index\widget\MobileWidgets->MobileClass[ D:\Vc_PHP\Apache24\htdocs\Bookstore\shop\application\index\widget\MobileWidgets.php ]
[ info ] [ VIEW ] D:\Vc_PHP\Apache24\htdocs\Bookstore\shop\public/../application/index\view\mobilewidgets\mobileclass.html [ array (
  0 => 'data',
) ]
[ info ] [ RUN ] app\index\widget\Widgets->newBook[ D:\Vc_PHP\Apache24\htdocs\Bookstore\shop\application\index\widget\Widgets.php ]
[ info ] [ VIEW ] D:\Vc_PHP\Apache24\htdocs\Bookstore\shop\public/../application/index\view\widget\newbook.html [ array (
  0 => 'data',
) ]
[ info ] [ RUN ] app\index\widget\Widgets->Rankings[ D:\Vc_PHP\Apache24\htdocs\Bookstore\shop\application\index\widget\Widgets.php ]
[ info ] [ VIEW ] D:\Vc_PHP\Apache24\htdocs\Bookstore\shop\public/../application/index\view\widget\rankings.html [ array (
  0 => 'data',
) ]
[ info ] [ RUN ] app\index\widget\Widgets->about[ D:\Vc_PHP\Apache24\htdocs\Bookstore\shop\application\index\widget\Widgets.php ]
[ info ] [ VIEW ] D:\Vc_PHP\Apache24\htdocs\Bookstore\shop\public/../application/index\view\widget\about.html [ array (
  0 => 'data',
) ]
[ info ] [ LOG ] INIT File
[ sql ] [ DB ] CONNECT:[ UseTime:0.000658s ] mysql:host=127.0.0.1;port=3306;dbname=bookstore;charset=utf8
[ sql ] [ SQL ] SHOW COLUMNS FROM `ordinary_users` [ RunTime:0.069573s ]
[ sql ] [ SQL ] SELECT * FROM `ordinary_users` WHERE  `userid` IS NULL  AND `pass` IS NULL  AND `state` = 0 LIMIT 1 [ RunTime:0.000834s ]
[ sql ] [ SQL ] SHOW COLUMNS FROM `book_class` [ RunTime:0.043447s ]
[ sql ] [ SQL ] SELECT * FROM `book_class` ORDER BY `createtime`  desc LIMIT 10 [ RunTime:0.000824s ]
[ sql ] [ SQL ] SHOW COLUMNS FROM `books` [ RunTime:0.036230s ]
[ sql ] [ SQL ] SELECT * FROM `books` ORDER BY `s_time`  desc LIMIT 6 [ RunTime:0.000790s ]
[ sql ] [ SQL ] SELECT * FROM `books` ORDER BY `sales`  desc LIMIT 6 [ RunTime:0.000695s ]
---------------------------------------------------------------
[ 2018-09-30T10:54:19+08:00 ] 127.0.0.1 GET /static/bootstrap4.0/popper.min.js.map
[ info ] www.shops.com/static/bootstrap4.0/popper.min.js.map [运行时间：0.153517s][吞吐率：6.51req/s] [内存消耗：1,718.84kb] [文件加载：38]
[ info ] [ LANG ] D:\Vc_PHP\Apache24\htdocs\Bookstore\shop\thinkphp\lang\zh-cn.php
[ info ] [ ROUTE ] array (
  'type' => 'module',
  'module' => 
  array (
    0 => 'static',
    1 => 'bootstrap4.0',
    2 => 'popper.min.js.map',
  ),
)
[ info ] [ HEADER ] array (
  'host' => 'www.shops.com',
  'connection' => 'keep-alive',
  'user-agent' => 'Mozilla/5.0 (Windows NT 10.0; Win64; x64) AppleWebKit/537.36 (KHTML, like Gecko) Chrome/69.0.3497.100 Safari/537.36',
  'accept-encoding' => 'gzip, deflate',
  'accept-language' => 'zh-CN,zh;q=0.9,zh-TW;q=0.8',
  'cookie' => 'PHPSESSID=h2nni32c23vmbcsta7dbe071j2',
)
[ info ] [ PARAM ] array (
)
[ info ] [ LOG ] INIT File
---------------------------------------------------------------
[ 2018-09-30T11:11:16+08:00 ] 127.0.0.1 GET /
[ info ] www.shops.com/ [运行时间：0.216888s][吞吐率：4.61req/s] [内存消耗：3,606.45kb] [文件加载：64]
[ info ] [ LANG ] D:\Vc_PHP\Apache24\htdocs\Bookstore\shop\thinkphp\lang\zh-cn.php
[ info ] [ ROUTE ] array (
  'type' => 'module',
  'module' => 
  array (
    0 => '',
    1 => NULL,
    2 => NULL,
  ),
)
[ info ] [ HEADER ] array (
  'host' => 'www.shops.com',
  'connection' => 'keep-alive',
  'upgrade-insecure-requests' => '1',
  'user-agent' => 'Mozilla/5.0 (Windows NT 10.0; Win64; x64) AppleWebKit/537.36 (KHTML, like Gecko) Chrome/69.0.3497.100 Safari/537.36',
  'accept' => 'text/html,application/xhtml+xml,application/xml;q=0.9,image/webp,image/apng,*/*;q=0.8',
  'referer' => 'http://www.thinkshops.com/',
  'accept-encoding' => 'gzip, deflate',
  'accept-language' => 'zh-CN,zh;q=0.9,zh-TW;q=0.8',
  'cookie' => 'PHPSESSID=h2nni32c23vmbcsta7dbe071j2',
)
[ info ] [ PARAM ] array (
)
[ info ] [ RUN ] app\index\controller\Index->index[ D:\Vc_PHP\Apache24\htdocs\Bookstore\shop\application\index\controller\Index.php ]
[ info ] [ VIEW ] D:\Vc_PHP\Apache24\htdocs\Bookstore\shop\public/../application/index\view\index\index.html [ array (
) ]
[ info ] [ RUN ] app\index\widget\Widgets->head_nav[ D:\Vc_PHP\Apache24\htdocs\Bookstore\shop\application\index\widget\Widgets.php ]
[ info ] [ SESSION ] INIT array (
  'id' => '',
  'var_session_id' => '',
  'prefix' => 'think',
  'type' => '',
  'auto_start' => true,
)
[ info ] [ DB ] INIT mysql
[ info ] [ VIEW ] D:\Vc_PHP\Apache24\htdocs\Bookstore\shop\public/../application/index\view\widget\head_nav.html [ array (
  0 => 'data',
) ]
[ info ] [ RUN ] app\index\widget\Widgets->retrieval[ D:\Vc_PHP\Apache24\htdocs\Bookstore\shop\application\index\widget\Widgets.php ]
[ info ] [ VIEW ] D:\Vc_PHP\Apache24\htdocs\Bookstore\shop\public/../application/index\view\widget\retrieval.html [ array (
  0 => 'data',
) ]
[ info ] [ RUN ] app\index\widget\Widgets->main_nav[ D:\Vc_PHP\Apache24\htdocs\Bookstore\shop\application\index\widget\Widgets.php ]
[ info ] [ VIEW ] D:\Vc_PHP\Apache24\htdocs\Bookstore\shop\public/../application/index\view\widget\main_nav.html [ array (
  0 => 'data',
) ]
[ info ] [ RUN ] app\index\widget\Widgets->hot_images[ D:\Vc_PHP\Apache24\htdocs\Bookstore\shop\application\index\widget\Widgets.php ]
[ info ] [ VIEW ] D:\Vc_PHP\Apache24\htdocs\Bookstore\shop\public/../application/index\view\widget\hot_images.html [ array (
  0 => 'data',
) ]
[ info ] [ RUN ] app\index\widget\MobileWidgets->MobileClass[ D:\Vc_PHP\Apache24\htdocs\Bookstore\shop\application\index\widget\MobileWidgets.php ]
[ info ] [ VIEW ] D:\Vc_PHP\Apache24\htdocs\Bookstore\shop\public/../application/index\view\mobilewidgets\mobileclass.html [ array (
  0 => 'data',
) ]
[ info ] [ RUN ] app\index\widget\Widgets->newBook[ D:\Vc_PHP\Apache24\htdocs\Bookstore\shop\application\index\widget\Widgets.php ]
[ info ] [ VIEW ] D:\Vc_PHP\Apache24\htdocs\Bookstore\shop\public/../application/index\view\widget\newbook.html [ array (
  0 => 'data',
) ]
[ info ] [ RUN ] app\index\widget\Widgets->Rankings[ D:\Vc_PHP\Apache24\htdocs\Bookstore\shop\application\index\widget\Widgets.php ]
[ info ] [ VIEW ] D:\Vc_PHP\Apache24\htdocs\Bookstore\shop\public/../application/index\view\widget\rankings.html [ array (
  0 => 'data',
) ]
[ info ] [ RUN ] app\index\widget\Widgets->about[ D:\Vc_PHP\Apache24\htdocs\Bookstore\shop\application\index\widget\Widgets.php ]
[ info ] [ VIEW ] D:\Vc_PHP\Apache24\htdocs\Bookstore\shop\public/../application/index\view\widget\about.html [ array (
  0 => 'data',
) ]
[ info ] [ LOG ] INIT File
[ sql ] [ DB ] CONNECT:[ UseTime:0.000741s ] mysql:host=127.0.0.1;port=3306;dbname=bookstore;charset=utf8
[ sql ] [ SQL ] SHOW COLUMNS FROM `ordinary_users` [ RunTime:0.018055s ]
[ sql ] [ SQL ] SELECT * FROM `ordinary_users` WHERE  `userid` IS NULL  AND `pass` IS NULL  AND `state` = 0 LIMIT 1 [ RunTime:0.000784s ]
[ sql ] [ SQL ] SHOW COLUMNS FROM `book_class` [ RunTime:0.011362s ]
[ sql ] [ SQL ] SELECT * FROM `book_class` ORDER BY `createtime`  desc LIMIT 10 [ RunTime:0.000967s ]
[ sql ] [ SQL ] SHOW COLUMNS FROM `books` [ RunTime:0.011216s ]
[ sql ] [ SQL ] SELECT * FROM `books` ORDER BY `s_time`  desc LIMIT 6 [ RunTime:0.000705s ]
[ sql ] [ SQL ] SELECT * FROM `books` ORDER BY `sales`  desc LIMIT 6 [ RunTime:0.000775s ]
---------------------------------------------------------------
[ 2018-09-30T11:11:40+08:00 ] 127.0.0.1 GET /
[ info ] www.shops.com/ [运行时间：0.217393s][吞吐率：4.60req/s] [内存消耗：3,606.45kb] [文件加载：64]
[ info ] [ LANG ] D:\Vc_PHP\Apache24\htdocs\Bookstore\shop\thinkphp\lang\zh-cn.php
[ info ] [ ROUTE ] array (
  'type' => 'module',
  'module' => 
  array (
    0 => '',
    1 => NULL,
    2 => NULL,
  ),
)
[ info ] [ HEADER ] array (
  'host' => 'www.shops.com',
  'connection' => 'keep-alive',
  'upgrade-insecure-requests' => '1',
  'user-agent' => 'Mozilla/5.0 (Windows NT 10.0; Win64; x64) AppleWebKit/537.36 (KHTML, like Gecko) Chrome/69.0.3497.100 Safari/537.36',
  'accept' => 'text/html,application/xhtml+xml,application/xml;q=0.9,image/webp,image/apng,*/*;q=0.8',
  'referer' => 'http://www.thinkshops.com/',
  'accept-encoding' => 'gzip, deflate',
  'accept-language' => 'zh-CN,zh;q=0.9,zh-TW;q=0.8',
  'cookie' => 'PHPSESSID=h2nni32c23vmbcsta7dbe071j2',
)
[ info ] [ PARAM ] array (
)
[ info ] [ RUN ] app\index\controller\Index->index[ D:\Vc_PHP\Apache24\htdocs\Bookstore\shop\application\index\controller\Index.php ]
[ info ] [ VIEW ] D:\Vc_PHP\Apache24\htdocs\Bookstore\shop\public/../application/index\view\index\index.html [ array (
) ]
[ info ] [ RUN ] app\index\widget\Widgets->head_nav[ D:\Vc_PHP\Apache24\htdocs\Bookstore\shop\application\index\widget\Widgets.php ]
[ info ] [ SESSION ] INIT array (
  'id' => '',
  'var_session_id' => '',
  'prefix' => 'think',
  'type' => '',
  'auto_start' => true,
)
[ info ] [ DB ] INIT mysql
[ info ] [ VIEW ] D:\Vc_PHP\Apache24\htdocs\Bookstore\shop\public/../application/index\view\widget\head_nav.html [ array (
  0 => 'data',
) ]
[ info ] [ RUN ] app\index\widget\Widgets->retrieval[ D:\Vc_PHP\Apache24\htdocs\Bookstore\shop\application\index\widget\Widgets.php ]
[ info ] [ VIEW ] D:\Vc_PHP\Apache24\htdocs\Bookstore\shop\public/../application/index\view\widget\retrieval.html [ array (
  0 => 'data',
) ]
[ info ] [ RUN ] app\index\widget\Widgets->main_nav[ D:\Vc_PHP\Apache24\htdocs\Bookstore\shop\application\index\widget\Widgets.php ]
[ info ] [ VIEW ] D:\Vc_PHP\Apache24\htdocs\Bookstore\shop\public/../application/index\view\widget\main_nav.html [ array (
  0 => 'data',
) ]
[ info ] [ RUN ] app\index\widget\Widgets->hot_images[ D:\Vc_PHP\Apache24\htdocs\Bookstore\shop\application\index\widget\Widgets.php ]
[ info ] [ VIEW ] D:\Vc_PHP\Apache24\htdocs\Bookstore\shop\public/../application/index\view\widget\hot_images.html [ array (
  0 => 'data',
) ]
[ info ] [ RUN ] app\index\widget\MobileWidgets->MobileClass[ D:\Vc_PHP\Apache24\htdocs\Bookstore\shop\application\index\widget\MobileWidgets.php ]
[ info ] [ VIEW ] D:\Vc_PHP\Apache24\htdocs\Bookstore\shop\public/../application/index\view\mobilewidgets\mobileclass.html [ array (
  0 => 'data',
) ]
[ info ] [ RUN ] app\index\widget\Widgets->newBook[ D:\Vc_PHP\Apache24\htdocs\Bookstore\shop\application\index\widget\Widgets.php ]
[ info ] [ VIEW ] D:\Vc_PHP\Apache24\htdocs\Bookstore\shop\public/../application/index\view\widget\newbook.html [ array (
  0 => 'data',
) ]
[ info ] [ RUN ] app\index\widget\Widgets->Rankings[ D:\Vc_PHP\Apache24\htdocs\Bookstore\shop\application\index\widget\Widgets.php ]
[ info ] [ VIEW ] D:\Vc_PHP\Apache24\htdocs\Bookstore\shop\public/../application/index\view\widget\rankings.html [ array (
  0 => 'data',
) ]
[ info ] [ RUN ] app\index\widget\Widgets->about[ D:\Vc_PHP\Apache24\htdocs\Bookstore\shop\application\index\widget\Widgets.php ]
[ info ] [ VIEW ] D:\Vc_PHP\Apache24\htdocs\Bookstore\shop\public/../application/index\view\widget\about.html [ array (
  0 => 'data',
) ]
[ info ] [ LOG ] INIT File
[ sql ] [ DB ] CONNECT:[ UseTime:0.010671s ] mysql:host=127.0.0.1;port=3306;dbname=bookstore;charset=utf8
[ sql ] [ SQL ] SHOW COLUMNS FROM `ordinary_users` [ RunTime:0.017605s ]
[ sql ] [ SQL ] SELECT * FROM `ordinary_users` WHERE  `userid` IS NULL  AND `pass` IS NULL  AND `state` = 0 LIMIT 1 [ RunTime:0.000671s ]
[ sql ] [ SQL ] SHOW COLUMNS FROM `book_class` [ RunTime:0.018135s ]
[ sql ] [ SQL ] SELECT * FROM `book_class` ORDER BY `createtime`  desc LIMIT 10 [ RunTime:0.000751s ]
[ sql ] [ SQL ] SHOW COLUMNS FROM `books` [ RunTime:0.012108s ]
[ sql ] [ SQL ] SELECT * FROM `books` ORDER BY `s_time`  desc LIMIT 6 [ RunTime:0.000806s ]
[ sql ] [ SQL ] SELECT * FROM `books` ORDER BY `sales`  desc LIMIT 6 [ RunTime:0.000643s ]
---------------------------------------------------------------
[ 2018-09-30T11:13:50+08:00 ] 127.0.0.1 GET /
[ info ] www.shops.com/ [运行时间：0.226764s][吞吐率：4.41req/s] [内存消耗：3,606.45kb] [文件加载：64]
[ info ] [ LANG ] D:\Vc_PHP\Apache24\htdocs\Bookstore\shop\thinkphp\lang\zh-cn.php
[ info ] [ ROUTE ] array (
  'type' => 'module',
  'module' => 
  array (
    0 => '',
    1 => NULL,
    2 => NULL,
  ),
)
[ info ] [ HEADER ] array (
  'host' => 'www.shops.com',
  'connection' => 'keep-alive',
  'upgrade-insecure-requests' => '1',
  'user-agent' => 'Mozilla/5.0 (Windows NT 10.0; Win64; x64) AppleWebKit/537.36 (KHTML, like Gecko) Chrome/69.0.3497.100 Safari/537.36',
  'accept' => 'text/html,application/xhtml+xml,application/xml;q=0.9,image/webp,image/apng,*/*;q=0.8',
  'referer' => 'http://www.thinkshops.com/',
  'accept-encoding' => 'gzip, deflate',
  'accept-language' => 'zh-CN,zh;q=0.9,zh-TW;q=0.8',
  'cookie' => 'PHPSESSID=h2nni32c23vmbcsta7dbe071j2',
)
[ info ] [ PARAM ] array (
)
[ info ] [ RUN ] app\index\controller\Index->index[ D:\Vc_PHP\Apache24\htdocs\Bookstore\shop\application\index\controller\Index.php ]
[ info ] [ VIEW ] D:\Vc_PHP\Apache24\htdocs\Bookstore\shop\public/../application/index\view\index\index.html [ array (
) ]
[ info ] [ RUN ] app\index\widget\Widgets->head_nav[ D:\Vc_PHP\Apache24\htdocs\Bookstore\shop\application\index\widget\Widgets.php ]
[ info ] [ SESSION ] INIT array (
  'id' => '',
  'var_session_id' => '',
  'prefix' => 'think',
  'type' => '',
  'auto_start' => true,
)
[ info ] [ DB ] INIT mysql
[ info ] [ VIEW ] D:\Vc_PHP\Apache24\htdocs\Bookstore\shop\public/../application/index\view\widget\head_nav.html [ array (
  0 => 'data',
) ]
[ info ] [ RUN ] app\index\widget\Widgets->retrieval[ D:\Vc_PHP\Apache24\htdocs\Bookstore\shop\application\index\widget\Widgets.php ]
[ info ] [ VIEW ] D:\Vc_PHP\Apache24\htdocs\Bookstore\shop\public/../application/index\view\widget\retrieval.html [ array (
  0 => 'data',
) ]
[ info ] [ RUN ] app\index\widget\Widgets->main_nav[ D:\Vc_PHP\Apache24\htdocs\Bookstore\shop\application\index\widget\Widgets.php ]
[ info ] [ VIEW ] D:\Vc_PHP\Apache24\htdocs\Bookstore\shop\public/../application/index\view\widget\main_nav.html [ array (
  0 => 'data',
) ]
[ info ] [ RUN ] app\index\widget\Widgets->hot_images[ D:\Vc_PHP\Apache24\htdocs\Bookstore\shop\application\index\widget\Widgets.php ]
[ info ] [ VIEW ] D:\Vc_PHP\Apache24\htdocs\Bookstore\shop\public/../application/index\view\widget\hot_images.html [ array (
  0 => 'data',
) ]
[ info ] [ RUN ] app\index\widget\MobileWidgets->MobileClass[ D:\Vc_PHP\Apache24\htdocs\Bookstore\shop\application\index\widget\MobileWidgets.php ]
[ info ] [ VIEW ] D:\Vc_PHP\Apache24\htdocs\Bookstore\shop\public/../application/index\view\mobilewidgets\mobileclass.html [ array (
  0 => 'data',
) ]
[ info ] [ RUN ] app\index\widget\Widgets->newBook[ D:\Vc_PHP\Apache24\htdocs\Bookstore\shop\application\index\widget\Widgets.php ]
[ info ] [ VIEW ] D:\Vc_PHP\Apache24\htdocs\Bookstore\shop\public/../application/index\view\widget\newbook.html [ array (
  0 => 'data',
) ]
[ info ] [ RUN ] app\index\widget\Widgets->Rankings[ D:\Vc_PHP\Apache24\htdocs\Bookstore\shop\application\index\widget\Widgets.php ]
[ info ] [ VIEW ] D:\Vc_PHP\Apache24\htdocs\Bookstore\shop\public/../application/index\view\widget\rankings.html [ array (
  0 => 'data',
) ]
[ info ] [ RUN ] app\index\widget\Widgets->about[ D:\Vc_PHP\Apache24\htdocs\Bookstore\shop\application\index\widget\Widgets.php ]
[ info ] [ VIEW ] D:\Vc_PHP\Apache24\htdocs\Bookstore\shop\public/../application/index\view\widget\about.html [ array (
  0 => 'data',
) ]
[ info ] [ LOG ] INIT File
[ sql ] [ DB ] CONNECT:[ UseTime:0.011267s ] mysql:host=127.0.0.1;port=3306;dbname=bookstore;charset=utf8
[ sql ] [ SQL ] SHOW COLUMNS FROM `ordinary_users` [ RunTime:0.015614s ]
[ sql ] [ SQL ] SELECT * FROM `ordinary_users` WHERE  `userid` IS NULL  AND `pass` IS NULL  AND `state` = 0 LIMIT 1 [ RunTime:0.000791s ]
[ sql ] [ SQL ] SHOW COLUMNS FROM `book_class` [ RunTime:0.012023s ]
[ sql ] [ SQL ] SELECT * FROM `book_class` ORDER BY `createtime`  desc LIMIT 10 [ RunTime:0.000661s ]
[ sql ] [ SQL ] SHOW COLUMNS FROM `books` [ RunTime:0.015084s ]
[ sql ] [ SQL ] SELECT * FROM `books` ORDER BY `s_time`  desc LIMIT 6 [ RunTime:0.000746s ]
[ sql ] [ SQL ] SELECT * FROM `books` ORDER BY `sales`  desc LIMIT 6 [ RunTime:0.000741s ]
---------------------------------------------------------------
[ 2018-09-30T11:54:57+08:00 ] 127.0.0.1 GET /
[ info ] www.shops.com/ [运行时间：0.228308s][吞吐率：4.38req/s] [内存消耗：3,606.60kb] [文件加载：64]
[ info ] [ LANG ] D:\Vc_PHP\Apache24\htdocs\Bookstore\shop\thinkphp\lang\zh-cn.php
[ info ] [ ROUTE ] array (
  'type' => 'module',
  'module' => 
  array (
    0 => '',
    1 => NULL,
    2 => NULL,
  ),
)
[ info ] [ HEADER ] array (
  'host' => 'www.shops.com',
  'connection' => 'keep-alive',
  'pragma' => 'no-cache',
  'cache-control' => 'no-cache',
  'upgrade-insecure-requests' => '1',
  'user-agent' => 'Mozilla/5.0 (Windows NT 10.0; Win64; x64) AppleWebKit/537.36 (KHTML, like Gecko) Chrome/69.0.3497.100 Safari/537.36',
  'accept' => 'text/html,application/xhtml+xml,application/xml;q=0.9,image/webp,image/apng,*/*;q=0.8',
  'referer' => 'http://www.thinkshops.com/',
  'accept-encoding' => 'gzip, deflate',
  'accept-language' => 'zh-CN,zh;q=0.9,zh-TW;q=0.8',
  'cookie' => 'PHPSESSID=h2nni32c23vmbcsta7dbe071j2',
)
[ info ] [ PARAM ] array (
)
[ info ] [ RUN ] app\index\controller\Index->index[ D:\Vc_PHP\Apache24\htdocs\Bookstore\shop\application\index\controller\Index.php ]
[ info ] [ VIEW ] D:\Vc_PHP\Apache24\htdocs\Bookstore\shop\public/../application/index\view\index\index.html [ array (
) ]
[ info ] [ RUN ] app\index\widget\Widgets->head_nav[ D:\Vc_PHP\Apache24\htdocs\Bookstore\shop\application\index\widget\Widgets.php ]
[ info ] [ SESSION ] INIT array (
  'id' => '',
  'var_session_id' => '',
  'prefix' => 'think',
  'type' => '',
  'auto_start' => true,
)
[ info ] [ DB ] INIT mysql
[ info ] [ VIEW ] D:\Vc_PHP\Apache24\htdocs\Bookstore\shop\public/../application/index\view\widget\head_nav.html [ array (
  0 => 'data',
) ]
[ info ] [ RUN ] app\index\widget\Widgets->retrieval[ D:\Vc_PHP\Apache24\htdocs\Bookstore\shop\application\index\widget\Widgets.php ]
[ info ] [ VIEW ] D:\Vc_PHP\Apache24\htdocs\Bookstore\shop\public/../application/index\view\widget\retrieval.html [ array (
  0 => 'data',
) ]
[ info ] [ RUN ] app\index\widget\Widgets->main_nav[ D:\Vc_PHP\Apache24\htdocs\Bookstore\shop\application\index\widget\Widgets.php ]
[ info ] [ VIEW ] D:\Vc_PHP\Apache24\htdocs\Bookstore\shop\public/../application/index\view\widget\main_nav.html [ array (
  0 => 'data',
) ]
[ info ] [ RUN ] app\index\widget\Widgets->hot_images[ D:\Vc_PHP\Apache24\htdocs\Bookstore\shop\application\index\widget\Widgets.php ]
[ info ] [ VIEW ] D:\Vc_PHP\Apache24\htdocs\Bookstore\shop\public/../application/index\view\widget\hot_images.html [ array (
  0 => 'data',
) ]
[ info ] [ RUN ] app\index\widget\MobileWidgets->MobileClass[ D:\Vc_PHP\Apache24\htdocs\Bookstore\shop\application\index\widget\MobileWidgets.php ]
[ info ] [ VIEW ] D:\Vc_PHP\Apache24\htdocs\Bookstore\shop\public/../application/index\view\mobilewidgets\mobileclass.html [ array (
  0 => 'data',
) ]
[ info ] [ RUN ] app\index\widget\Widgets->newBook[ D:\Vc_PHP\Apache24\htdocs\Bookstore\shop\application\index\widget\Widgets.php ]
[ info ] [ VIEW ] D:\Vc_PHP\Apache24\htdocs\Bookstore\shop\public/../application/index\view\widget\newbook.html [ array (
  0 => 'data',
) ]
[ info ] [ RUN ] app\index\widget\Widgets->Rankings[ D:\Vc_PHP\Apache24\htdocs\Bookstore\shop\application\index\widget\Widgets.php ]
[ info ] [ VIEW ] D:\Vc_PHP\Apache24\htdocs\Bookstore\shop\public/../application/index\view\widget\rankings.html [ array (
  0 => 'data',
) ]
[ info ] [ RUN ] app\index\widget\Widgets->about[ D:\Vc_PHP\Apache24\htdocs\Bookstore\shop\application\index\widget\Widgets.php ]
[ info ] [ VIEW ] D:\Vc_PHP\Apache24\htdocs\Bookstore\shop\public/../application/index\view\widget\about.html [ array (
  0 => 'data',
) ]
[ info ] [ LOG ] INIT File
[ sql ] [ DB ] CONNECT:[ UseTime:0.000656s ] mysql:host=127.0.0.1;port=3306;dbname=bookstore;charset=utf8
[ sql ] [ SQL ] SHOW COLUMNS FROM `ordinary_users` [ RunTime:0.013970s ]
[ sql ] [ SQL ] SELECT * FROM `ordinary_users` WHERE  `userid` IS NULL  AND `pass` IS NULL  AND `state` = 0 LIMIT 1 [ RunTime:0.000753s ]
[ sql ] [ SQL ] SHOW COLUMNS FROM `book_class` [ RunTime:0.012578s ]
[ sql ] [ SQL ] SELECT * FROM `book_class` ORDER BY `createtime`  desc LIMIT 10 [ RunTime:0.000684s ]
[ sql ] [ SQL ] SHOW COLUMNS FROM `books` [ RunTime:0.014776s ]
[ sql ] [ SQL ] SELECT * FROM `books` ORDER BY `s_time`  desc LIMIT 6 [ RunTime:0.000926s ]
[ sql ] [ SQL ] SELECT * FROM `books` ORDER BY `sales`  desc LIMIT 6 [ RunTime:0.000737s ]
---------------------------------------------------------------
[ 2018-09-30T11:55:51+08:00 ] 127.0.0.1 GET /
[ info ] www.shops.com/ [运行时间：0.207322s][吞吐率：4.82req/s] [内存消耗：3,606.60kb] [文件加载：64]
[ info ] [ LANG ] D:\Vc_PHP\Apache24\htdocs\Bookstore\shop\thinkphp\lang\zh-cn.php
[ info ] [ ROUTE ] array (
  'type' => 'module',
  'module' => 
  array (
    0 => '',
    1 => NULL,
    2 => NULL,
  ),
)
[ info ] [ HEADER ] array (
  'host' => 'www.shops.com',
  'connection' => 'keep-alive',
  'pragma' => 'no-cache',
  'cache-control' => 'no-cache',
  'upgrade-insecure-requests' => '1',
  'user-agent' => 'Mozilla/5.0 (Windows NT 10.0; Win64; x64) AppleWebKit/537.36 (KHTML, like Gecko) Chrome/69.0.3497.100 Safari/537.36',
  'accept' => 'text/html,application/xhtml+xml,application/xml;q=0.9,image/webp,image/apng,*/*;q=0.8',
  'referer' => 'http://www.thinkshops.com/',
  'accept-encoding' => 'gzip, deflate',
  'accept-language' => 'zh-CN,zh;q=0.9,zh-TW;q=0.8',
  'cookie' => 'PHPSESSID=h2nni32c23vmbcsta7dbe071j2',
)
[ info ] [ PARAM ] array (
)
[ info ] [ RUN ] app\index\controller\Index->index[ D:\Vc_PHP\Apache24\htdocs\Bookstore\shop\application\index\controller\Index.php ]
[ info ] [ VIEW ] D:\Vc_PHP\Apache24\htdocs\Bookstore\shop\public/../application/index\view\index\index.html [ array (
) ]
[ info ] [ RUN ] app\index\widget\Widgets->head_nav[ D:\Vc_PHP\Apache24\htdocs\Bookstore\shop\application\index\widget\Widgets.php ]
[ info ] [ SESSION ] INIT array (
  'id' => '',
  'var_session_id' => '',
  'prefix' => 'think',
  'type' => '',
  'auto_start' => true,
)
[ info ] [ DB ] INIT mysql
[ info ] [ VIEW ] D:\Vc_PHP\Apache24\htdocs\Bookstore\shop\public/../application/index\view\widget\head_nav.html [ array (
  0 => 'data',
) ]
[ info ] [ RUN ] app\index\widget\Widgets->retrieval[ D:\Vc_PHP\Apache24\htdocs\Bookstore\shop\application\index\widget\Widgets.php ]
[ info ] [ VIEW ] D:\Vc_PHP\Apache24\htdocs\Bookstore\shop\public/../application/index\view\widget\retrieval.html [ array (
  0 => 'data',
) ]
[ info ] [ RUN ] app\index\widget\Widgets->main_nav[ D:\Vc_PHP\Apache24\htdocs\Bookstore\shop\application\index\widget\Widgets.php ]
[ info ] [ VIEW ] D:\Vc_PHP\Apache24\htdocs\Bookstore\shop\public/../application/index\view\widget\main_nav.html [ array (
  0 => 'data',
) ]
[ info ] [ RUN ] app\index\widget\Widgets->hot_images[ D:\Vc_PHP\Apache24\htdocs\Bookstore\shop\application\index\widget\Widgets.php ]
[ info ] [ VIEW ] D:\Vc_PHP\Apache24\htdocs\Bookstore\shop\public/../application/index\view\widget\hot_images.html [ array (
  0 => 'data',
) ]
[ info ] [ RUN ] app\index\widget\MobileWidgets->MobileClass[ D:\Vc_PHP\Apache24\htdocs\Bookstore\shop\application\index\widget\MobileWidgets.php ]
[ info ] [ VIEW ] D:\Vc_PHP\Apache24\htdocs\Bookstore\shop\public/../application/index\view\mobilewidgets\mobileclass.html [ array (
  0 => 'data',
) ]
[ info ] [ RUN ] app\index\widget\Widgets->newBook[ D:\Vc_PHP\Apache24\htdocs\Bookstore\shop\application\index\widget\Widgets.php ]
[ info ] [ VIEW ] D:\Vc_PHP\Apache24\htdocs\Bookstore\shop\public/../application/index\view\widget\newbook.html [ array (
  0 => 'data',
) ]
[ info ] [ RUN ] app\index\widget\Widgets->Rankings[ D:\Vc_PHP\Apache24\htdocs\Bookstore\shop\application\index\widget\Widgets.php ]
[ info ] [ VIEW ] D:\Vc_PHP\Apache24\htdocs\Bookstore\shop\public/../application/index\view\widget\rankings.html [ array (
  0 => 'data',
) ]
[ info ] [ RUN ] app\index\widget\Widgets->about[ D:\Vc_PHP\Apache24\htdocs\Bookstore\shop\application\index\widget\Widgets.php ]
[ info ] [ VIEW ] D:\Vc_PHP\Apache24\htdocs\Bookstore\shop\public/../application/index\view\widget\about.html [ array (
  0 => 'data',
) ]
[ info ] [ LOG ] INIT File
[ sql ] [ DB ] CONNECT:[ UseTime:0.000617s ] mysql:host=127.0.0.1;port=3306;dbname=bookstore;charset=utf8
[ sql ] [ SQL ] SHOW COLUMNS FROM `ordinary_users` [ RunTime:0.010156s ]
[ sql ] [ SQL ] SELECT * FROM `ordinary_users` WHERE  `userid` IS NULL  AND `pass` IS NULL  AND `state` = 0 LIMIT 1 [ RunTime:0.000854s ]
[ sql ] [ SQL ] SHOW COLUMNS FROM `book_class` [ RunTime:0.010786s ]
[ sql ] [ SQL ] SELECT * FROM `book_class` ORDER BY `createtime`  desc LIMIT 10 [ RunTime:0.000821s ]
[ sql ] [ SQL ] SHOW COLUMNS FROM `books` [ RunTime:0.010909s ]
[ sql ] [ SQL ] SELECT * FROM `books` ORDER BY `s_time`  desc LIMIT 6 [ RunTime:0.000657s ]
[ sql ] [ SQL ] SELECT * FROM `books` ORDER BY `sales`  desc LIMIT 6 [ RunTime:0.000757s ]
---------------------------------------------------------------
[ 2018-09-30T11:56:48+08:00 ] 127.0.0.1 GET /
[ info ] www.shops.com/ [运行时间：0.230154s][吞吐率：4.34req/s] [内存消耗：3,606.45kb] [文件加载：64]
[ info ] [ LANG ] D:\Vc_PHP\Apache24\htdocs\Bookstore\shop\thinkphp\lang\zh-cn.php
[ info ] [ ROUTE ] array (
  'type' => 'module',
  'module' => 
  array (
    0 => '',
    1 => NULL,
    2 => NULL,
  ),
)
[ info ] [ HEADER ] array (
  'host' => 'www.shops.com',
  'connection' => 'keep-alive',
  'upgrade-insecure-requests' => '1',
  'user-agent' => 'Mozilla/5.0 (Windows NT 10.0; Win64; x64) AppleWebKit/537.36 (KHTML, like Gecko) Chrome/69.0.3497.100 Safari/537.36',
  'accept' => 'text/html,application/xhtml+xml,application/xml;q=0.9,image/webp,image/apng,*/*;q=0.8',
  'referer' => 'http://www.thinkshops.com/',
  'accept-encoding' => 'gzip, deflate',
  'accept-language' => 'zh-CN,zh;q=0.9,zh-TW;q=0.8',
  'cookie' => 'PHPSESSID=h2nni32c23vmbcsta7dbe071j2',
)
[ info ] [ PARAM ] array (
)
[ info ] [ RUN ] app\index\controller\Index->index[ D:\Vc_PHP\Apache24\htdocs\Bookstore\shop\application\index\controller\Index.php ]
[ info ] [ VIEW ] D:\Vc_PHP\Apache24\htdocs\Bookstore\shop\public/../application/index\view\index\index.html [ array (
) ]
[ info ] [ RUN ] app\index\widget\Widgets->head_nav[ D:\Vc_PHP\Apache24\htdocs\Bookstore\shop\application\index\widget\Widgets.php ]
[ info ] [ SESSION ] INIT array (
  'id' => '',
  'var_session_id' => '',
  'prefix' => 'think',
  'type' => '',
  'auto_start' => true,
)
[ info ] [ DB ] INIT mysql
[ info ] [ VIEW ] D:\Vc_PHP\Apache24\htdocs\Bookstore\shop\public/../application/index\view\widget\head_nav.html [ array (
  0 => 'data',
) ]
[ info ] [ RUN ] app\index\widget\Widgets->retrieval[ D:\Vc_PHP\Apache24\htdocs\Bookstore\shop\application\index\widget\Widgets.php ]
[ info ] [ VIEW ] D:\Vc_PHP\Apache24\htdocs\Bookstore\shop\public/../application/index\view\widget\retrieval.html [ array (
  0 => 'data',
) ]
[ info ] [ RUN ] app\index\widget\Widgets->main_nav[ D:\Vc_PHP\Apache24\htdocs\Bookstore\shop\application\index\widget\Widgets.php ]
[ info ] [ VIEW ] D:\Vc_PHP\Apache24\htdocs\Bookstore\shop\public/../application/index\view\widget\main_nav.html [ array (
  0 => 'data',
) ]
[ info ] [ RUN ] app\index\widget\Widgets->hot_images[ D:\Vc_PHP\Apache24\htdocs\Bookstore\shop\application\index\widget\Widgets.php ]
[ info ] [ VIEW ] D:\Vc_PHP\Apache24\htdocs\Bookstore\shop\public/../application/index\view\widget\hot_images.html [ array (
  0 => 'data',
) ]
[ info ] [ RUN ] app\index\widget\MobileWidgets->MobileClass[ D:\Vc_PHP\Apache24\htdocs\Bookstore\shop\application\index\widget\MobileWidgets.php ]
[ info ] [ VIEW ] D:\Vc_PHP\Apache24\htdocs\Bookstore\shop\public/../application/index\view\mobilewidgets\mobileclass.html [ array (
  0 => 'data',
) ]
[ info ] [ RUN ] app\index\widget\Widgets->newBook[ D:\Vc_PHP\Apache24\htdocs\Bookstore\shop\application\index\widget\Widgets.php ]
[ info ] [ VIEW ] D:\Vc_PHP\Apache24\htdocs\Bookstore\shop\public/../application/index\view\widget\newbook.html [ array (
  0 => 'data',
) ]
[ info ] [ RUN ] app\index\widget\Widgets->Rankings[ D:\Vc_PHP\Apache24\htdocs\Bookstore\shop\application\index\widget\Widgets.php ]
[ info ] [ VIEW ] D:\Vc_PHP\Apache24\htdocs\Bookstore\shop\public/../application/index\view\widget\rankings.html [ array (
  0 => 'data',
) ]
[ info ] [ RUN ] app\index\widget\Widgets->about[ D:\Vc_PHP\Apache24\htdocs\Bookstore\shop\application\index\widget\Widgets.php ]
[ info ] [ VIEW ] D:\Vc_PHP\Apache24\htdocs\Bookstore\shop\public/../application/index\view\widget\about.html [ array (
  0 => 'data',
) ]
[ info ] [ LOG ] INIT File
[ sql ] [ DB ] CONNECT:[ UseTime:0.000751s ] mysql:host=127.0.0.1;port=3306;dbname=bookstore;charset=utf8
[ sql ] [ SQL ] SHOW COLUMNS FROM `ordinary_users` [ RunTime:0.018909s ]
[ sql ] [ SQL ] SELECT * FROM `ordinary_users` WHERE  `userid` IS NULL  AND `pass` IS NULL  AND `state` = 0 LIMIT 1 [ RunTime:0.000778s ]
[ sql ] [ SQL ] SHOW COLUMNS FROM `book_class` [ RunTime:0.011164s ]
[ sql ] [ SQL ] SELECT * FROM `book_class` ORDER BY `createtime`  desc LIMIT 10 [ RunTime:0.001016s ]
[ sql ] [ SQL ] SHOW COLUMNS FROM `books` [ RunTime:0.011229s ]
[ sql ] [ SQL ] SELECT * FROM `books` ORDER BY `s_time`  desc LIMIT 6 [ RunTime:0.000860s ]
[ sql ] [ SQL ] SELECT * FROM `books` ORDER BY `sales`  desc LIMIT 6 [ RunTime:0.000660s ]
---------------------------------------------------------------
[ 2018-09-30T11:56:57+08:00 ] 127.0.0.1 GET /
[ info ] www.shops.com/ [运行时间：0.217967s][吞吐率：4.59req/s] [内存消耗：3,606.45kb] [文件加载：64]
[ info ] [ LANG ] D:\Vc_PHP\Apache24\htdocs\Bookstore\shop\thinkphp\lang\zh-cn.php
[ info ] [ ROUTE ] array (
  'type' => 'module',
  'module' => 
  array (
    0 => '',
    1 => NULL,
    2 => NULL,
  ),
)
[ info ] [ HEADER ] array (
  'host' => 'www.shops.com',
  'connection' => 'keep-alive',
  'upgrade-insecure-requests' => '1',
  'user-agent' => 'Mozilla/5.0 (Windows NT 10.0; Win64; x64) AppleWebKit/537.36 (KHTML, like Gecko) Chrome/69.0.3497.100 Safari/537.36',
  'accept' => 'text/html,application/xhtml+xml,application/xml;q=0.9,image/webp,image/apng,*/*;q=0.8',
  'referer' => 'http://www.thinkshops.com/',
  'accept-encoding' => 'gzip, deflate',
  'accept-language' => 'zh-CN,zh;q=0.9,zh-TW;q=0.8',
  'cookie' => 'PHPSESSID=h2nni32c23vmbcsta7dbe071j2',
)
[ info ] [ PARAM ] array (
)
[ info ] [ RUN ] app\index\controller\Index->index[ D:\Vc_PHP\Apache24\htdocs\Bookstore\shop\application\index\controller\Index.php ]
[ info ] [ VIEW ] D:\Vc_PHP\Apache24\htdocs\Bookstore\shop\public/../application/index\view\index\index.html [ array (
) ]
[ info ] [ RUN ] app\index\widget\Widgets->head_nav[ D:\Vc_PHP\Apache24\htdocs\Bookstore\shop\application\index\widget\Widgets.php ]
[ info ] [ SESSION ] INIT array (
  'id' => '',
  'var_session_id' => '',
  'prefix' => 'think',
  'type' => '',
  'auto_start' => true,
)
[ info ] [ DB ] INIT mysql
[ info ] [ VIEW ] D:\Vc_PHP\Apache24\htdocs\Bookstore\shop\public/../application/index\view\widget\head_nav.html [ array (
  0 => 'data',
) ]
[ info ] [ RUN ] app\index\widget\Widgets->retrieval[ D:\Vc_PHP\Apache24\htdocs\Bookstore\shop\application\index\widget\Widgets.php ]
[ info ] [ VIEW ] D:\Vc_PHP\Apache24\htdocs\Bookstore\shop\public/../application/index\view\widget\retrieval.html [ array (
  0 => 'data',
) ]
[ info ] [ RUN ] app\index\widget\Widgets->main_nav[ D:\Vc_PHP\Apache24\htdocs\Bookstore\shop\application\index\widget\Widgets.php ]
[ info ] [ VIEW ] D:\Vc_PHP\Apache24\htdocs\Bookstore\shop\public/../application/index\view\widget\main_nav.html [ array (
  0 => 'data',
) ]
[ info ] [ RUN ] app\index\widget\Widgets->hot_images[ D:\Vc_PHP\Apache24\htdocs\Bookstore\shop\application\index\widget\Widgets.php ]
[ info ] [ VIEW ] D:\Vc_PHP\Apache24\htdocs\Bookstore\shop\public/../application/index\view\widget\hot_images.html [ array (
  0 => 'data',
) ]
[ info ] [ RUN ] app\index\widget\MobileWidgets->MobileClass[ D:\Vc_PHP\Apache24\htdocs\Bookstore\shop\application\index\widget\MobileWidgets.php ]
[ info ] [ VIEW ] D:\Vc_PHP\Apache24\htdocs\Bookstore\shop\public/../application/index\view\mobilewidgets\mobileclass.html [ array (
  0 => 'data',
) ]
[ info ] [ RUN ] app\index\widget\Widgets->newBook[ D:\Vc_PHP\Apache24\htdocs\Bookstore\shop\application\index\widget\Widgets.php ]
[ info ] [ VIEW ] D:\Vc_PHP\Apache24\htdocs\Bookstore\shop\public/../application/index\view\widget\newbook.html [ array (
  0 => 'data',
) ]
[ info ] [ RUN ] app\index\widget\Widgets->Rankings[ D:\Vc_PHP\Apache24\htdocs\Bookstore\shop\application\index\widget\Widgets.php ]
[ info ] [ VIEW ] D:\Vc_PHP\Apache24\htdocs\Bookstore\shop\public/../application/index\view\widget\rankings.html [ array (
  0 => 'data',
) ]
[ info ] [ RUN ] app\index\widget\Widgets->about[ D:\Vc_PHP\Apache24\htdocs\Bookstore\shop\application\index\widget\Widgets.php ]
[ info ] [ VIEW ] D:\Vc_PHP\Apache24\htdocs\Bookstore\shop\public/../application/index\view\widget\about.html [ array (
  0 => 'data',
) ]
[ info ] [ LOG ] INIT File
[ sql ] [ DB ] CONNECT:[ UseTime:0.000601s ] mysql:host=127.0.0.1;port=3306;dbname=bookstore;charset=utf8
[ sql ] [ SQL ] SHOW COLUMNS FROM `ordinary_users` [ RunTime:0.014808s ]
[ sql ] [ SQL ] SELECT * FROM `ordinary_users` WHERE  `userid` IS NULL  AND `pass` IS NULL  AND `state` = 0 LIMIT 1 [ RunTime:0.000885s ]
[ sql ] [ SQL ] SHOW COLUMNS FROM `book_class` [ RunTime:0.011280s ]
[ sql ] [ SQL ] SELECT * FROM `book_class` ORDER BY `createtime`  desc LIMIT 10 [ RunTime:0.000730s ]
[ sql ] [ SQL ] SHOW COLUMNS FROM `books` [ RunTime:0.011850s ]
[ sql ] [ SQL ] SELECT * FROM `books` ORDER BY `s_time`  desc LIMIT 6 [ RunTime:0.000652s ]
[ sql ] [ SQL ] SELECT * FROM `books` ORDER BY `sales`  desc LIMIT 6 [ RunTime:0.000731s ]
---------------------------------------------------------------
[ 2018-09-30T13:14:37+08:00 ] 127.0.0.1 GET /
[ info ] www.shops.com/ [运行时间：0.113088s][吞吐率：8.84req/s] [内存消耗：3,606.45kb] [文件加载：64]
[ info ] [ LANG ] D:\Vc_PHP\Apache24\htdocs\Bookstore\shop\thinkphp\lang\zh-cn.php
[ info ] [ ROUTE ] array (
  'type' => 'module',
  'module' => 
  array (
    0 => '',
    1 => NULL,
    2 => NULL,
  ),
)
[ info ] [ HEADER ] array (
  'host' => 'www.shops.com',
  'connection' => 'keep-alive',
  'upgrade-insecure-requests' => '1',
  'user-agent' => 'Mozilla/5.0 (Windows NT 10.0; Win64; x64) AppleWebKit/537.36 (KHTML, like Gecko) Chrome/69.0.3497.100 Safari/537.36',
  'accept' => 'text/html,application/xhtml+xml,application/xml;q=0.9,image/webp,image/apng,*/*;q=0.8',
  'referer' => 'http://www.thinkshops.com/',
  'accept-encoding' => 'gzip, deflate',
  'accept-language' => 'zh-CN,zh;q=0.9,zh-TW;q=0.8',
  'cookie' => 'PHPSESSID=h2nni32c23vmbcsta7dbe071j2',
)
[ info ] [ PARAM ] array (
)
[ info ] [ RUN ] app\index\controller\Index->index[ D:\Vc_PHP\Apache24\htdocs\Bookstore\shop\application\index\controller\Index.php ]
[ info ] [ VIEW ] D:\Vc_PHP\Apache24\htdocs\Bookstore\shop\public/../application/index\view\index\index.html [ array (
) ]
[ info ] [ RUN ] app\index\widget\Widgets->head_nav[ D:\Vc_PHP\Apache24\htdocs\Bookstore\shop\application\index\widget\Widgets.php ]
[ info ] [ SESSION ] INIT array (
  'id' => '',
  'var_session_id' => '',
  'prefix' => 'think',
  'type' => '',
  'auto_start' => true,
)
[ info ] [ DB ] INIT mysql
[ info ] [ VIEW ] D:\Vc_PHP\Apache24\htdocs\Bookstore\shop\public/../application/index\view\widget\head_nav.html [ array (
  0 => 'data',
) ]
[ info ] [ RUN ] app\index\widget\Widgets->retrieval[ D:\Vc_PHP\Apache24\htdocs\Bookstore\shop\application\index\widget\Widgets.php ]
[ info ] [ VIEW ] D:\Vc_PHP\Apache24\htdocs\Bookstore\shop\public/../application/index\view\widget\retrieval.html [ array (
  0 => 'data',
) ]
[ info ] [ RUN ] app\index\widget\Widgets->main_nav[ D:\Vc_PHP\Apache24\htdocs\Bookstore\shop\application\index\widget\Widgets.php ]
[ info ] [ VIEW ] D:\Vc_PHP\Apache24\htdocs\Bookstore\shop\public/../application/index\view\widget\main_nav.html [ array (
  0 => 'data',
) ]
[ info ] [ RUN ] app\index\widget\Widgets->hot_images[ D:\Vc_PHP\Apache24\htdocs\Bookstore\shop\application\index\widget\Widgets.php ]
[ info ] [ VIEW ] D:\Vc_PHP\Apache24\htdocs\Bookstore\shop\public/../application/index\view\widget\hot_images.html [ array (
  0 => 'data',
) ]
[ info ] [ RUN ] app\index\widget\MobileWidgets->MobileClass[ D:\Vc_PHP\Apache24\htdocs\Bookstore\shop\application\index\widget\MobileWidgets.php ]
[ info ] [ VIEW ] D:\Vc_PHP\Apache24\htdocs\Bookstore\shop\public/../application/index\view\mobilewidgets\mobileclass.html [ array (
  0 => 'data',
) ]
[ info ] [ RUN ] app\index\widget\Widgets->newBook[ D:\Vc_PHP\Apache24\htdocs\Bookstore\shop\application\index\widget\Widgets.php ]
[ info ] [ VIEW ] D:\Vc_PHP\Apache24\htdocs\Bookstore\shop\public/../application/index\view\widget\newbook.html [ array (
  0 => 'data',
) ]
[ info ] [ RUN ] app\index\widget\Widgets->Rankings[ D:\Vc_PHP\Apache24\htdocs\Bookstore\shop\application\index\widget\Widgets.php ]
[ info ] [ VIEW ] D:\Vc_PHP\Apache24\htdocs\Bookstore\shop\public/../application/index\view\widget\rankings.html [ array (
  0 => 'data',
) ]
[ info ] [ RUN ] app\index\widget\Widgets->about[ D:\Vc_PHP\Apache24\htdocs\Bookstore\shop\application\index\widget\Widgets.php ]
[ info ] [ VIEW ] D:\Vc_PHP\Apache24\htdocs\Bookstore\shop\public/../application/index\view\widget\about.html [ array (
  0 => 'data',
) ]
[ info ] [ LOG ] INIT File
[ sql ] [ DB ] CONNECT:[ UseTime:0.001005s ] mysql:host=127.0.0.1;port=3306;dbname=bookstore;charset=utf8
[ sql ] [ SQL ] SHOW COLUMNS FROM `ordinary_users` [ RunTime:0.025320s ]
[ sql ] [ SQL ] SELECT * FROM `ordinary_users` WHERE  `userid` IS NULL  AND `pass` IS NULL  AND `state` = 0 LIMIT 1 [ RunTime:0.000549s ]
[ sql ] [ SQL ] SHOW COLUMNS FROM `book_class` [ RunTime:0.014880s ]
[ sql ] [ SQL ] SELECT * FROM `book_class` ORDER BY `createtime`  desc LIMIT 10 [ RunTime:0.000500s ]
[ sql ] [ SQL ] SHOW COLUMNS FROM `books` [ RunTime:0.010664s ]
[ sql ] [ SQL ] SELECT * FROM `books` ORDER BY `s_time`  desc LIMIT 6 [ RunTime:0.000360s ]
[ sql ] [ SQL ] SELECT * FROM `books` ORDER BY `sales`  desc LIMIT 6 [ RunTime:0.000304s ]
---------------------------------------------------------------
[ 2018-09-30T13:14:56+08:00 ] 127.0.0.1 GET /index
[ info ] www.shops.com/index [运行时间：0.108382s][吞吐率：9.23req/s] [内存消耗：3,606.45kb] [文件加载：64]
[ info ] [ LANG ] D:\Vc_PHP\Apache24\htdocs\Bookstore\shop\thinkphp\lang\zh-cn.php
[ info ] [ ROUTE ] array (
  'type' => 'module',
  'module' => 
  array (
    0 => 'index',
    1 => NULL,
    2 => NULL,
  ),
)
[ info ] [ HEADER ] array (
  'host' => 'www.shops.com',
  'connection' => 'keep-alive',
  'upgrade-insecure-requests' => '1',
  'user-agent' => 'Mozilla/5.0 (Windows NT 10.0; Win64; x64) AppleWebKit/537.36 (KHTML, like Gecko) Chrome/69.0.3497.100 Safari/537.36',
  'accept' => 'text/html,application/xhtml+xml,application/xml;q=0.9,image/webp,image/apng,*/*;q=0.8',
  'referer' => 'http://www.shops.com/',
  'accept-encoding' => 'gzip, deflate',
  'accept-language' => 'zh-CN,zh;q=0.9,zh-TW;q=0.8',
  'cookie' => 'PHPSESSID=h2nni32c23vmbcsta7dbe071j2',
)
[ info ] [ PARAM ] array (
)
[ info ] [ RUN ] app\index\controller\Index->index[ D:\Vc_PHP\Apache24\htdocs\Bookstore\shop\application\index\controller\Index.php ]
[ info ] [ VIEW ] D:\Vc_PHP\Apache24\htdocs\Bookstore\shop\public/../application/index\view\index\index.html [ array (
) ]
[ info ] [ RUN ] app\index\widget\Widgets->head_nav[ D:\Vc_PHP\Apache24\htdocs\Bookstore\shop\application\index\widget\Widgets.php ]
[ info ] [ SESSION ] INIT array (
  'id' => '',
  'var_session_id' => '',
  'prefix' => 'think',
  'type' => '',
  'auto_start' => true,
)
[ info ] [ DB ] INIT mysql
[ info ] [ VIEW ] D:\Vc_PHP\Apache24\htdocs\Bookstore\shop\public/../application/index\view\widget\head_nav.html [ array (
  0 => 'data',
) ]
[ info ] [ RUN ] app\index\widget\Widgets->retrieval[ D:\Vc_PHP\Apache24\htdocs\Bookstore\shop\application\index\widget\Widgets.php ]
[ info ] [ VIEW ] D:\Vc_PHP\Apache24\htdocs\Bookstore\shop\public/../application/index\view\widget\retrieval.html [ array (
  0 => 'data',
) ]
[ info ] [ RUN ] app\index\widget\Widgets->main_nav[ D:\Vc_PHP\Apache24\htdocs\Bookstore\shop\application\index\widget\Widgets.php ]
[ info ] [ VIEW ] D:\Vc_PHP\Apache24\htdocs\Bookstore\shop\public/../application/index\view\widget\main_nav.html [ array (
  0 => 'data',
) ]
[ info ] [ RUN ] app\index\widget\Widgets->hot_images[ D:\Vc_PHP\Apache24\htdocs\Bookstore\shop\application\index\widget\Widgets.php ]
[ info ] [ VIEW ] D:\Vc_PHP\Apache24\htdocs\Bookstore\shop\public/../application/index\view\widget\hot_images.html [ array (
  0 => 'data',
) ]
[ info ] [ RUN ] app\index\widget\MobileWidgets->MobileClass[ D:\Vc_PHP\Apache24\htdocs\Bookstore\shop\application\index\widget\MobileWidgets.php ]
[ info ] [ VIEW ] D:\Vc_PHP\Apache24\htdocs\Bookstore\shop\public/../application/index\view\mobilewidgets\mobileclass.html [ array (
  0 => 'data',
) ]
[ info ] [ RUN ] app\index\widget\Widgets->newBook[ D:\Vc_PHP\Apache24\htdocs\Bookstore\shop\application\index\widget\Widgets.php ]
[ info ] [ VIEW ] D:\Vc_PHP\Apache24\htdocs\Bookstore\shop\public/../application/index\view\widget\newbook.html [ array (
  0 => 'data',
) ]
[ info ] [ RUN ] app\index\widget\Widgets->Rankings[ D:\Vc_PHP\Apache24\htdocs\Bookstore\shop\application\index\widget\Widgets.php ]
[ info ] [ VIEW ] D:\Vc_PHP\Apache24\htdocs\Bookstore\shop\public/../application/index\view\widget\rankings.html [ array (
  0 => 'data',
) ]
[ info ] [ RUN ] app\index\widget\Widgets->about[ D:\Vc_PHP\Apache24\htdocs\Bookstore\shop\application\index\widget\Widgets.php ]
[ info ] [ VIEW ] D:\Vc_PHP\Apache24\htdocs\Bookstore\shop\public/../application/index\view\widget\about.html [ array (
  0 => 'data',
) ]
[ info ] [ LOG ] INIT File
[ sql ] [ DB ] CONNECT:[ UseTime:0.010403s ] mysql:host=127.0.0.1;port=3306;dbname=bookstore;charset=utf8
[ sql ] [ SQL ] SHOW COLUMNS FROM `ordinary_users` [ RunTime:0.020362s ]
[ sql ] [ SQL ] SELECT * FROM `ordinary_users` WHERE  `userid` IS NULL  AND `pass` IS NULL  AND `state` = 0 LIMIT 1 [ RunTime:0.000530s ]
[ sql ] [ SQL ] SHOW COLUMNS FROM `book_class` [ RunTime:0.011497s ]
[ sql ] [ SQL ] SELECT * FROM `book_class` ORDER BY `createtime`  desc LIMIT 10 [ RunTime:0.000525s ]
[ sql ] [ SQL ] SHOW COLUMNS FROM `books` [ RunTime:0.011195s ]
[ sql ] [ SQL ] SELECT * FROM `books` ORDER BY `s_time`  desc LIMIT 6 [ RunTime:0.000546s ]
[ sql ] [ SQL ] SELECT * FROM `books` ORDER BY `sales`  desc LIMIT 6 [ RunTime:0.000549s ]
---------------------------------------------------------------
[ 2018-09-30T13:41:07+08:00 ] 127.0.0.1 GET /
[ info ] www.shops.com/ [运行时间：0.103860s][吞吐率：9.63req/s] [内存消耗：3,606.01kb] [文件加载：64]
[ info ] [ LANG ] D:\Vc_PHP\Apache24\htdocs\Bookstore\shop\thinkphp\lang\zh-cn.php
[ info ] [ ROUTE ] array (
  'type' => 'module',
  'module' => 
  array (
    0 => '',
    1 => NULL,
    2 => NULL,
  ),
)
[ info ] [ HEADER ] array (
  'host' => 'www.shops.com',
  'connection' => 'keep-alive',
  'purpose' => 'prefetch',
  'upgrade-insecure-requests' => '1',
  'user-agent' => 'Mozilla/5.0 (Windows NT 10.0; Win64; x64) AppleWebKit/537.36 (KHTML, like Gecko) Chrome/69.0.3497.100 Safari/537.36',
  'accept' => 'text/html,application/xhtml+xml,application/xml;q=0.9,image/webp,image/apng,*/*;q=0.8',
  'accept-encoding' => 'gzip, deflate',
  'accept-language' => 'zh-CN,zh;q=0.9,zh-TW;q=0.8',
)
[ info ] [ PARAM ] array (
)
[ info ] [ RUN ] app\index\controller\Index->index[ D:\Vc_PHP\Apache24\htdocs\Bookstore\shop\application\index\controller\Index.php ]
[ info ] [ VIEW ] D:\Vc_PHP\Apache24\htdocs\Bookstore\shop\public/../application/index\view\index\index.html [ array (
) ]
[ info ] [ RUN ] app\index\widget\Widgets->head_nav[ D:\Vc_PHP\Apache24\htdocs\Bookstore\shop\application\index\widget\Widgets.php ]
[ info ] [ SESSION ] INIT array (
  'id' => '',
  'var_session_id' => '',
  'prefix' => 'think',
  'type' => '',
  'auto_start' => true,
)
[ info ] [ DB ] INIT mysql
[ info ] [ VIEW ] D:\Vc_PHP\Apache24\htdocs\Bookstore\shop\public/../application/index\view\widget\head_nav.html [ array (
  0 => 'data',
) ]
[ info ] [ RUN ] app\index\widget\Widgets->retrieval[ D:\Vc_PHP\Apache24\htdocs\Bookstore\shop\application\index\widget\Widgets.php ]
[ info ] [ VIEW ] D:\Vc_PHP\Apache24\htdocs\Bookstore\shop\public/../application/index\view\widget\retrieval.html [ array (
  0 => 'data',
) ]
[ info ] [ RUN ] app\index\widget\Widgets->main_nav[ D:\Vc_PHP\Apache24\htdocs\Bookstore\shop\application\index\widget\Widgets.php ]
[ info ] [ VIEW ] D:\Vc_PHP\Apache24\htdocs\Bookstore\shop\public/../application/index\view\widget\main_nav.html [ array (
  0 => 'data',
) ]
[ info ] [ RUN ] app\index\widget\Widgets->hot_images[ D:\Vc_PHP\Apache24\htdocs\Bookstore\shop\application\index\widget\Widgets.php ]
[ info ] [ VIEW ] D:\Vc_PHP\Apache24\htdocs\Bookstore\shop\public/../application/index\view\widget\hot_images.html [ array (
  0 => 'data',
) ]
[ info ] [ RUN ] app\index\widget\MobileWidgets->MobileClass[ D:\Vc_PHP\Apache24\htdocs\Bookstore\shop\application\index\widget\MobileWidgets.php ]
[ info ] [ VIEW ] D:\Vc_PHP\Apache24\htdocs\Bookstore\shop\public/../application/index\view\mobilewidgets\mobileclass.html [ array (
  0 => 'data',
) ]
[ info ] [ RUN ] app\index\widget\Widgets->newBook[ D:\Vc_PHP\Apache24\htdocs\Bookstore\shop\application\index\widget\Widgets.php ]
[ info ] [ VIEW ] D:\Vc_PHP\Apache24\htdocs\Bookstore\shop\public/../application/index\view\widget\newbook.html [ array (
  0 => 'data',
) ]
[ info ] [ RUN ] app\index\widget\Widgets->Rankings[ D:\Vc_PHP\Apache24\htdocs\Bookstore\shop\application\index\widget\Widgets.php ]
[ info ] [ VIEW ] D:\Vc_PHP\Apache24\htdocs\Bookstore\shop\public/../application/index\view\widget\rankings.html [ array (
  0 => 'data',
) ]
[ info ] [ RUN ] app\index\widget\Widgets->about[ D:\Vc_PHP\Apache24\htdocs\Bookstore\shop\application\index\widget\Widgets.php ]
[ info ] [ VIEW ] D:\Vc_PHP\Apache24\htdocs\Bookstore\shop\public/../application/index\view\widget\about.html [ array (
  0 => 'data',
) ]
[ info ] [ LOG ] INIT File
[ sql ] [ DB ] CONNECT:[ UseTime:0.001143s ] mysql:host=127.0.0.1;port=3306;dbname=bookstore;charset=utf8
[ sql ] [ SQL ] SHOW COLUMNS FROM `ordinary_users` [ RunTime:0.020696s ]
[ sql ] [ SQL ] SELECT * FROM `ordinary_users` WHERE  `userid` IS NULL  AND `pass` IS NULL  AND `state` = 0 LIMIT 1 [ RunTime:0.000730s ]
[ sql ] [ SQL ] SHOW COLUMNS FROM `book_class` [ RunTime:0.011826s ]
[ sql ] [ SQL ] SELECT * FROM `book_class` ORDER BY `createtime`  desc LIMIT 10 [ RunTime:0.000476s ]
[ sql ] [ SQL ] SHOW COLUMNS FROM `books` [ RunTime:0.011656s ]
[ sql ] [ SQL ] SELECT * FROM `books` ORDER BY `s_time`  desc LIMIT 6 [ RunTime:0.000436s ]
[ sql ] [ SQL ] SELECT * FROM `books` ORDER BY `sales`  desc LIMIT 6 [ RunTime:0.000498s ]
---------------------------------------------------------------
[ 2018-09-30T13:41:08+08:00 ] 127.0.0.1 GET /
[ info ] www.shops.com/ [运行时间：0.107126s][吞吐率：9.33req/s] [内存消耗：3,606.05kb] [文件加载：64]
[ info ] [ LANG ] D:\Vc_PHP\Apache24\htdocs\Bookstore\shop\thinkphp\lang\zh-cn.php
[ info ] [ ROUTE ] array (
  'type' => 'module',
  'module' => 
  array (
    0 => '',
    1 => NULL,
    2 => NULL,
  ),
)
[ info ] [ HEADER ] array (
  'host' => 'www.shops.com',
  'connection' => 'keep-alive',
  'upgrade-insecure-requests' => '1',
  'user-agent' => 'Mozilla/5.0 (Windows NT 10.0; Win64; x64) AppleWebKit/537.36 (KHTML, like Gecko) Chrome/69.0.3497.100 Safari/537.36',
  'accept' => 'text/html,application/xhtml+xml,application/xml;q=0.9,image/webp,image/apng,*/*;q=0.8',
  'accept-encoding' => 'gzip, deflate',
  'accept-language' => 'zh-CN,zh;q=0.9,zh-TW;q=0.8',
  'cookie' => 'PHPSESSID=1t8lm637tgq82acv7th6fci14k',
)
[ info ] [ PARAM ] array (
)
[ info ] [ RUN ] app\index\controller\Index->index[ D:\Vc_PHP\Apache24\htdocs\Bookstore\shop\application\index\controller\Index.php ]
[ info ] [ VIEW ] D:\Vc_PHP\Apache24\htdocs\Bookstore\shop\public/../application/index\view\index\index.html [ array (
) ]
[ info ] [ RUN ] app\index\widget\Widgets->head_nav[ D:\Vc_PHP\Apache24\htdocs\Bookstore\shop\application\index\widget\Widgets.php ]
[ info ] [ SESSION ] INIT array (
  'id' => '',
  'var_session_id' => '',
  'prefix' => 'think',
  'type' => '',
  'auto_start' => true,
)
[ info ] [ DB ] INIT mysql
[ info ] [ VIEW ] D:\Vc_PHP\Apache24\htdocs\Bookstore\shop\public/../application/index\view\widget\head_nav.html [ array (
  0 => 'data',
) ]
[ info ] [ RUN ] app\index\widget\Widgets->retrieval[ D:\Vc_PHP\Apache24\htdocs\Bookstore\shop\application\index\widget\Widgets.php ]
[ info ] [ VIEW ] D:\Vc_PHP\Apache24\htdocs\Bookstore\shop\public/../application/index\view\widget\retrieval.html [ array (
  0 => 'data',
) ]
[ info ] [ RUN ] app\index\widget\Widgets->main_nav[ D:\Vc_PHP\Apache24\htdocs\Bookstore\shop\application\index\widget\Widgets.php ]
[ info ] [ VIEW ] D:\Vc_PHP\Apache24\htdocs\Bookstore\shop\public/../application/index\view\widget\main_nav.html [ array (
  0 => 'data',
) ]
[ info ] [ RUN ] app\index\widget\Widgets->hot_images[ D:\Vc_PHP\Apache24\htdocs\Bookstore\shop\application\index\widget\Widgets.php ]
[ info ] [ VIEW ] D:\Vc_PHP\Apache24\htdocs\Bookstore\shop\public/../application/index\view\widget\hot_images.html [ array (
  0 => 'data',
) ]
[ info ] [ RUN ] app\index\widget\MobileWidgets->MobileClass[ D:\Vc_PHP\Apache24\htdocs\Bookstore\shop\application\index\widget\MobileWidgets.php ]
[ info ] [ VIEW ] D:\Vc_PHP\Apache24\htdocs\Bookstore\shop\public/../application/index\view\mobilewidgets\mobileclass.html [ array (
  0 => 'data',
) ]
[ info ] [ RUN ] app\index\widget\Widgets->newBook[ D:\Vc_PHP\Apache24\htdocs\Bookstore\shop\application\index\widget\Widgets.php ]
[ info ] [ VIEW ] D:\Vc_PHP\Apache24\htdocs\Bookstore\shop\public/../application/index\view\widget\newbook.html [ array (
  0 => 'data',
) ]
[ info ] [ RUN ] app\index\widget\Widgets->Rankings[ D:\Vc_PHP\Apache24\htdocs\Bookstore\shop\application\index\widget\Widgets.php ]
[ info ] [ VIEW ] D:\Vc_PHP\Apache24\htdocs\Bookstore\shop\public/../application/index\view\widget\rankings.html [ array (
  0 => 'data',
) ]
[ info ] [ RUN ] app\index\widget\Widgets->about[ D:\Vc_PHP\Apache24\htdocs\Bookstore\shop\application\index\widget\Widgets.php ]
[ info ] [ VIEW ] D:\Vc_PHP\Apache24\htdocs\Bookstore\shop\public/../application/index\view\widget\about.html [ array (
  0 => 'data',
) ]
[ info ] [ LOG ] INIT File
[ sql ] [ DB ] CONNECT:[ UseTime:0.000943s ] mysql:host=127.0.0.1;port=3306;dbname=bookstore;charset=utf8
[ sql ] [ SQL ] SHOW COLUMNS FROM `ordinary_users` [ RunTime:0.018254s ]
[ sql ] [ SQL ] SELECT * FROM `ordinary_users` WHERE  `userid` IS NULL  AND `pass` IS NULL  AND `state` = 0 LIMIT 1 [ RunTime:0.000469s ]
[ sql ] [ SQL ] SHOW COLUMNS FROM `book_class` [ RunTime:0.014646s ]
[ sql ] [ SQL ] SELECT * FROM `book_class` ORDER BY `createtime`  desc LIMIT 10 [ RunTime:0.000552s ]
[ sql ] [ SQL ] SHOW COLUMNS FROM `books` [ RunTime:0.012179s ]
[ sql ] [ SQL ] SELECT * FROM `books` ORDER BY `s_time`  desc LIMIT 6 [ RunTime:0.000595s ]
[ sql ] [ SQL ] SELECT * FROM `books` ORDER BY `sales`  desc LIMIT 6 [ RunTime:0.000518s ]
---------------------------------------------------------------
[ 2018-09-30T13:41:13+08:00 ] 127.0.0.1 GET /
[ info ] www.shops.com/ [运行时间：0.108110s][吞吐率：9.25req/s] [内存消耗：3,606.44kb] [文件加载：64]
[ info ] [ LANG ] D:\Vc_PHP\Apache24\htdocs\Bookstore\shop\thinkphp\lang\zh-cn.php
[ info ] [ ROUTE ] array (
  'type' => 'module',
  'module' => 
  array (
    0 => '',
    1 => NULL,
    2 => NULL,
  ),
)
[ info ] [ HEADER ] array (
  'host' => 'www.shops.com',
  'connection' => 'keep-alive',
  'purpose' => 'prefetch',
  'upgrade-insecure-requests' => '1',
  'user-agent' => 'Mozilla/5.0 (Windows NT 10.0; Win64; x64) AppleWebKit/537.36 (KHTML, like Gecko) Chrome/69.0.3497.100 Safari/537.36',
  'accept' => 'text/html,application/xhtml+xml,application/xml;q=0.9,image/webp,image/apng,*/*;q=0.8',
  'accept-encoding' => 'gzip, deflate',
  'accept-language' => 'zh-CN,zh;q=0.9,zh-TW;q=0.8',
  'cookie' => 'PHPSESSID=1t8lm637tgq82acv7th6fci14k',
)
[ info ] [ PARAM ] array (
)
[ info ] [ RUN ] app\index\controller\Index->index[ D:\Vc_PHP\Apache24\htdocs\Bookstore\shop\application\index\controller\Index.php ]
[ info ] [ VIEW ] D:\Vc_PHP\Apache24\htdocs\Bookstore\shop\public/../application/index\view\index\index.html [ array (
) ]
[ info ] [ RUN ] app\index\widget\Widgets->head_nav[ D:\Vc_PHP\Apache24\htdocs\Bookstore\shop\application\index\widget\Widgets.php ]
[ info ] [ SESSION ] INIT array (
  'id' => '',
  'var_session_id' => '',
  'prefix' => 'think',
  'type' => '',
  'auto_start' => true,
)
[ info ] [ DB ] INIT mysql
[ info ] [ VIEW ] D:\Vc_PHP\Apache24\htdocs\Bookstore\shop\public/../application/index\view\widget\head_nav.html [ array (
  0 => 'data',
) ]
[ info ] [ RUN ] app\index\widget\Widgets->retrieval[ D:\Vc_PHP\Apache24\htdocs\Bookstore\shop\application\index\widget\Widgets.php ]
[ info ] [ VIEW ] D:\Vc_PHP\Apache24\htdocs\Bookstore\shop\public/../application/index\view\widget\retrieval.html [ array (
  0 => 'data',
) ]
[ info ] [ RUN ] app\index\widget\Widgets->main_nav[ D:\Vc_PHP\Apache24\htdocs\Bookstore\shop\application\index\widget\Widgets.php ]
[ info ] [ VIEW ] D:\Vc_PHP\Apache24\htdocs\Bookstore\shop\public/../application/index\view\widget\main_nav.html [ array (
  0 => 'data',
) ]
[ info ] [ RUN ] app\index\widget\Widgets->hot_images[ D:\Vc_PHP\Apache24\htdocs\Bookstore\shop\application\index\widget\Widgets.php ]
[ info ] [ VIEW ] D:\Vc_PHP\Apache24\htdocs\Bookstore\shop\public/../application/index\view\widget\hot_images.html [ array (
  0 => 'data',
) ]
[ info ] [ RUN ] app\index\widget\MobileWidgets->MobileClass[ D:\Vc_PHP\Apache24\htdocs\Bookstore\shop\application\index\widget\MobileWidgets.php ]
[ info ] [ VIEW ] D:\Vc_PHP\Apache24\htdocs\Bookstore\shop\public/../application/index\view\mobilewidgets\mobileclass.html [ array (
  0 => 'data',
) ]
[ info ] [ RUN ] app\index\widget\Widgets->newBook[ D:\Vc_PHP\Apache24\htdocs\Bookstore\shop\application\index\widget\Widgets.php ]
[ info ] [ VIEW ] D:\Vc_PHP\Apache24\htdocs\Bookstore\shop\public/../application/index\view\widget\newbook.html [ array (
  0 => 'data',
) ]
[ info ] [ RUN ] app\index\widget\Widgets->Rankings[ D:\Vc_PHP\Apache24\htdocs\Bookstore\shop\application\index\widget\Widgets.php ]
[ info ] [ VIEW ] D:\Vc_PHP\Apache24\htdocs\Bookstore\shop\public/../application/index\view\widget\rankings.html [ array (
  0 => 'data',
) ]
[ info ] [ RUN ] app\index\widget\Widgets->about[ D:\Vc_PHP\Apache24\htdocs\Bookstore\shop\application\index\widget\Widgets.php ]
[ info ] [ VIEW ] D:\Vc_PHP\Apache24\htdocs\Bookstore\shop\public/../application/index\view\widget\about.html [ array (
  0 => 'data',
) ]
[ info ] [ LOG ] INIT File
[ sql ] [ DB ] CONNECT:[ UseTime:0.000777s ] mysql:host=127.0.0.1;port=3306;dbname=bookstore;charset=utf8
[ sql ] [ SQL ] SHOW COLUMNS FROM `ordinary_users` [ RunTime:0.031086s ]
[ sql ] [ SQL ] SELECT * FROM `ordinary_users` WHERE  `userid` IS NULL  AND `pass` IS NULL  AND `state` = 0 LIMIT 1 [ RunTime:0.000461s ]
[ sql ] [ SQL ] SHOW COLUMNS FROM `book_class` [ RunTime:0.010676s ]
[ sql ] [ SQL ] SELECT * FROM `book_class` ORDER BY `createtime`  desc LIMIT 10 [ RunTime:0.000455s ]
[ sql ] [ SQL ] SHOW COLUMNS FROM `books` [ RunTime:0.012263s ]
[ sql ] [ SQL ] SELECT * FROM `books` ORDER BY `s_time`  desc LIMIT 6 [ RunTime:0.000651s ]
[ sql ] [ SQL ] SELECT * FROM `books` ORDER BY `sales`  desc LIMIT 6 [ RunTime:0.000426s ]
---------------------------------------------------------------
[ 2018-09-30T22:14:35+08:00 ] 127.0.0.1 GET /
[ info ] www.shops.com/ [运行时间：1.292127s][吞吐率：0.77req/s] [内存消耗：3,606.15kb] [文件加载：64]
[ info ] [ LANG ] D:\Vc_PHP\Apache24\htdocs\Bookstore\shop\thinkphp\lang\zh-cn.php
[ info ] [ ROUTE ] array (
  'type' => 'module',
  'module' => 
  array (
    0 => '',
    1 => NULL,
    2 => NULL,
  ),
)
[ info ] [ HEADER ] array (
  'host' => 'www.shops.com',
  'connection' => 'keep-alive',
  'upgrade-insecure-requests' => '1',
  'user-agent' => 'Mozilla/5.0 (Windows NT 10.0; Win64; x64) AppleWebKit/537.36 (KHTML, like Gecko) Chrome/69.0.3497.100 Safari/537.36',
  'accept' => 'text/html,application/xhtml+xml,application/xml;q=0.9,image/webp,image/apng,*/*;q=0.8',
  'referer' => 'http://www.thinkshops.com/',
  'accept-encoding' => 'gzip, deflate',
  'accept-language' => 'zh-CN,zh;q=0.9,zh-TW;q=0.8',
)
[ info ] [ PARAM ] array (
)
[ info ] [ RUN ] app\index\controller\Index->index[ D:\Vc_PHP\Apache24\htdocs\Bookstore\shop\application\index\controller\Index.php ]
[ info ] [ VIEW ] D:\Vc_PHP\Apache24\htdocs\Bookstore\shop\public/../application/index\view\index\index.html [ array (
) ]
[ info ] [ RUN ] app\index\widget\Widgets->head_nav[ D:\Vc_PHP\Apache24\htdocs\Bookstore\shop\application\index\widget\Widgets.php ]
[ info ] [ SESSION ] INIT array (
  'id' => '',
  'var_session_id' => '',
  'prefix' => 'think',
  'type' => '',
  'auto_start' => true,
)
[ info ] [ DB ] INIT mysql
[ info ] [ VIEW ] D:\Vc_PHP\Apache24\htdocs\Bookstore\shop\public/../application/index\view\widget\head_nav.html [ array (
  0 => 'data',
) ]
[ info ] [ RUN ] app\index\widget\Widgets->retrieval[ D:\Vc_PHP\Apache24\htdocs\Bookstore\shop\application\index\widget\Widgets.php ]
[ info ] [ VIEW ] D:\Vc_PHP\Apache24\htdocs\Bookstore\shop\public/../application/index\view\widget\retrieval.html [ array (
  0 => 'data',
) ]
[ info ] [ RUN ] app\index\widget\Widgets->main_nav[ D:\Vc_PHP\Apache24\htdocs\Bookstore\shop\application\index\widget\Widgets.php ]
[ info ] [ VIEW ] D:\Vc_PHP\Apache24\htdocs\Bookstore\shop\public/../application/index\view\widget\main_nav.html [ array (
  0 => 'data',
) ]
[ info ] [ RUN ] app\index\widget\Widgets->hot_images[ D:\Vc_PHP\Apache24\htdocs\Bookstore\shop\application\index\widget\Widgets.php ]
[ info ] [ VIEW ] D:\Vc_PHP\Apache24\htdocs\Bookstore\shop\public/../application/index\view\widget\hot_images.html [ array (
  0 => 'data',
) ]
[ info ] [ RUN ] app\index\widget\MobileWidgets->MobileClass[ D:\Vc_PHP\Apache24\htdocs\Bookstore\shop\application\index\widget\MobileWidgets.php ]
[ info ] [ VIEW ] D:\Vc_PHP\Apache24\htdocs\Bookstore\shop\public/../application/index\view\mobilewidgets\mobileclass.html [ array (
  0 => 'data',
) ]
[ info ] [ RUN ] app\index\widget\Widgets->newBook[ D:\Vc_PHP\Apache24\htdocs\Bookstore\shop\application\index\widget\Widgets.php ]
[ info ] [ VIEW ] D:\Vc_PHP\Apache24\htdocs\Bookstore\shop\public/../application/index\view\widget\newbook.html [ array (
  0 => 'data',
) ]
[ info ] [ RUN ] app\index\widget\Widgets->Rankings[ D:\Vc_PHP\Apache24\htdocs\Bookstore\shop\application\index\widget\Widgets.php ]
[ info ] [ VIEW ] D:\Vc_PHP\Apache24\htdocs\Bookstore\shop\public/../application/index\view\widget\rankings.html [ array (
  0 => 'data',
) ]
[ info ] [ RUN ] app\index\widget\Widgets->about[ D:\Vc_PHP\Apache24\htdocs\Bookstore\shop\application\index\widget\Widgets.php ]
[ info ] [ VIEW ] D:\Vc_PHP\Apache24\htdocs\Bookstore\shop\public/../application/index\view\widget\about.html [ array (
  0 => 'data',
) ]
[ info ] [ LOG ] INIT File
[ sql ] [ DB ] CONNECT:[ UseTime:0.000707s ] mysql:host=127.0.0.1;port=3306;dbname=bookstore;charset=utf8
[ sql ] [ SQL ] SHOW COLUMNS FROM `ordinary_users` [ RunTime:0.053855s ]
[ sql ] [ SQL ] SELECT * FROM `ordinary_users` WHERE  `userid` IS NULL  AND `pass` IS NULL  AND `state` = 0 LIMIT 1 [ RunTime:0.000743s ]
[ sql ] [ SQL ] SHOW COLUMNS FROM `book_class` [ RunTime:0.026607s ]
[ sql ] [ SQL ] SELECT * FROM `book_class` ORDER BY `createtime`  desc LIMIT 10 [ RunTime:0.000823s ]
[ sql ] [ SQL ] SHOW COLUMNS FROM `books` [ RunTime:0.022334s ]
[ sql ] [ SQL ] SELECT * FROM `books` ORDER BY `s_time`  desc LIMIT 6 [ RunTime:0.000785s ]
[ sql ] [ SQL ] SELECT * FROM `books` ORDER BY `sales`  desc LIMIT 6 [ RunTime:0.000813s ]
---------------------------------------------------------------
[ 2018-09-30T22:15:59+08:00 ] 127.0.0.1 GET /
[ info ] www.shops.com/ [运行时间：0.222377s][吞吐率：4.50req/s] [内存消耗：3,606.45kb] [文件加载：64]
[ info ] [ LANG ] D:\Vc_PHP\Apache24\htdocs\Bookstore\shop\thinkphp\lang\zh-cn.php
[ info ] [ ROUTE ] array (
  'type' => 'module',
  'module' => 
  array (
    0 => '',
    1 => NULL,
    2 => NULL,
  ),
)
[ info ] [ HEADER ] array (
  'host' => 'www.shops.com',
  'connection' => 'keep-alive',
  'upgrade-insecure-requests' => '1',
  'user-agent' => 'Mozilla/5.0 (Windows NT 10.0; Win64; x64) AppleWebKit/537.36 (KHTML, like Gecko) Chrome/69.0.3497.100 Safari/537.36',
  'accept' => 'text/html,application/xhtml+xml,application/xml;q=0.9,image/webp,image/apng,*/*;q=0.8',
  'referer' => 'http://www.thinkshops.com/',
  'accept-encoding' => 'gzip, deflate',
  'accept-language' => 'zh-CN,zh;q=0.9,zh-TW;q=0.8',
  'cookie' => 'PHPSESSID=detu0qvharqee4ahobfjm0f2ld',
)
[ info ] [ PARAM ] array (
)
[ info ] [ RUN ] app\index\controller\Index->index[ D:\Vc_PHP\Apache24\htdocs\Bookstore\shop\application\index\controller\Index.php ]
[ info ] [ VIEW ] D:\Vc_PHP\Apache24\htdocs\Bookstore\shop\public/../application/index\view\index\index.html [ array (
) ]
[ info ] [ RUN ] app\index\widget\Widgets->head_nav[ D:\Vc_PHP\Apache24\htdocs\Bookstore\shop\application\index\widget\Widgets.php ]
[ info ] [ SESSION ] INIT array (
  'id' => '',
  'var_session_id' => '',
  'prefix' => 'think',
  'type' => '',
  'auto_start' => true,
)
[ info ] [ DB ] INIT mysql
[ info ] [ VIEW ] D:\Vc_PHP\Apache24\htdocs\Bookstore\shop\public/../application/index\view\widget\head_nav.html [ array (
  0 => 'data',
) ]
[ info ] [ RUN ] app\index\widget\Widgets->retrieval[ D:\Vc_PHP\Apache24\htdocs\Bookstore\shop\application\index\widget\Widgets.php ]
[ info ] [ VIEW ] D:\Vc_PHP\Apache24\htdocs\Bookstore\shop\public/../application/index\view\widget\retrieval.html [ array (
  0 => 'data',
) ]
[ info ] [ RUN ] app\index\widget\Widgets->main_nav[ D:\Vc_PHP\Apache24\htdocs\Bookstore\shop\application\index\widget\Widgets.php ]
[ info ] [ VIEW ] D:\Vc_PHP\Apache24\htdocs\Bookstore\shop\public/../application/index\view\widget\main_nav.html [ array (
  0 => 'data',
) ]
[ info ] [ RUN ] app\index\widget\Widgets->hot_images[ D:\Vc_PHP\Apache24\htdocs\Bookstore\shop\application\index\widget\Widgets.php ]
[ info ] [ VIEW ] D:\Vc_PHP\Apache24\htdocs\Bookstore\shop\public/../application/index\view\widget\hot_images.html [ array (
  0 => 'data',
) ]
[ info ] [ RUN ] app\index\widget\MobileWidgets->MobileClass[ D:\Vc_PHP\Apache24\htdocs\Bookstore\shop\application\index\widget\MobileWidgets.php ]
[ info ] [ VIEW ] D:\Vc_PHP\Apache24\htdocs\Bookstore\shop\public/../application/index\view\mobilewidgets\mobileclass.html [ array (
  0 => 'data',
) ]
[ info ] [ RUN ] app\index\widget\Widgets->newBook[ D:\Vc_PHP\Apache24\htdocs\Bookstore\shop\application\index\widget\Widgets.php ]
[ info ] [ VIEW ] D:\Vc_PHP\Apache24\htdocs\Bookstore\shop\public/../application/index\view\widget\newbook.html [ array (
  0 => 'data',
) ]
[ info ] [ RUN ] app\index\widget\Widgets->Rankings[ D:\Vc_PHP\Apache24\htdocs\Bookstore\shop\application\index\widget\Widgets.php ]
[ info ] [ VIEW ] D:\Vc_PHP\Apache24\htdocs\Bookstore\shop\public/../application/index\view\widget\rankings.html [ array (
  0 => 'data',
) ]
[ info ] [ RUN ] app\index\widget\Widgets->about[ D:\Vc_PHP\Apache24\htdocs\Bookstore\shop\application\index\widget\Widgets.php ]
[ info ] [ VIEW ] D:\Vc_PHP\Apache24\htdocs\Bookstore\shop\public/../application/index\view\widget\about.html [ array (
  0 => 'data',
) ]
[ info ] [ LOG ] INIT File
[ sql ] [ DB ] CONNECT:[ UseTime:0.000855s ] mysql:host=127.0.0.1;port=3306;dbname=bookstore;charset=utf8
[ sql ] [ SQL ] SHOW COLUMNS FROM `ordinary_users` [ RunTime:0.013985s ]
[ sql ] [ SQL ] SELECT * FROM `ordinary_users` WHERE  `userid` IS NULL  AND `pass` IS NULL  AND `state` = 0 LIMIT 1 [ RunTime:0.000934s ]
[ sql ] [ SQL ] SHOW COLUMNS FROM `book_class` [ RunTime:0.018478s ]
[ sql ] [ SQL ] SELECT * FROM `book_class` ORDER BY `createtime`  desc LIMIT 10 [ RunTime:0.000778s ]
[ sql ] [ SQL ] SHOW COLUMNS FROM `books` [ RunTime:0.010974s ]
[ sql ] [ SQL ] SELECT * FROM `books` ORDER BY `s_time`  desc LIMIT 6 [ RunTime:0.000751s ]
[ sql ] [ SQL ] SELECT * FROM `books` ORDER BY `sales`  desc LIMIT 6 [ RunTime:0.001000s ]
---------------------------------------------------------------
[ 2018-09-30T22:53:41+08:00 ] 127.0.0.1 GET /
[ info ] www.shops.com/ [运行时间：1.079787s][吞吐率：0.93req/s] [内存消耗：3,606.15kb] [文件加载：64]
[ info ] [ LANG ] D:\Vc_PHP\Apache24\htdocs\Bookstore\shop\thinkphp\lang\zh-cn.php
[ info ] [ ROUTE ] array (
  'type' => 'module',
  'module' => 
  array (
    0 => '',
    1 => NULL,
    2 => NULL,
  ),
)
[ info ] [ HEADER ] array (
  'host' => 'www.shops.com',
  'connection' => 'keep-alive',
  'upgrade-insecure-requests' => '1',
  'user-agent' => 'Mozilla/5.0 (Windows NT 10.0; Win64; x64) AppleWebKit/537.36 (KHTML, like Gecko) Chrome/69.0.3497.100 Safari/537.36',
  'accept' => 'text/html,application/xhtml+xml,application/xml;q=0.9,image/webp,image/apng,*/*;q=0.8',
  'referer' => 'http://www.thinkshops.com/',
  'accept-encoding' => 'gzip, deflate',
  'accept-language' => 'zh-CN,zh;q=0.9,zh-TW;q=0.8',
)
[ info ] [ PARAM ] array (
)
[ info ] [ RUN ] app\index\controller\Index->index[ D:\Vc_PHP\Apache24\htdocs\Bookstore\shop\application\index\controller\Index.php ]
[ info ] [ VIEW ] D:\Vc_PHP\Apache24\htdocs\Bookstore\shop\public/../application/index\view\index\index.html [ array (
) ]
[ info ] [ RUN ] app\index\widget\Widgets->head_nav[ D:\Vc_PHP\Apache24\htdocs\Bookstore\shop\application\index\widget\Widgets.php ]
[ info ] [ SESSION ] INIT array (
  'id' => '',
  'var_session_id' => '',
  'prefix' => 'think',
  'type' => '',
  'auto_start' => true,
)
[ info ] [ DB ] INIT mysql
[ info ] [ VIEW ] D:\Vc_PHP\Apache24\htdocs\Bookstore\shop\public/../application/index\view\widget\head_nav.html [ array (
  0 => 'data',
) ]
[ info ] [ RUN ] app\index\widget\Widgets->retrieval[ D:\Vc_PHP\Apache24\htdocs\Bookstore\shop\application\index\widget\Widgets.php ]
[ info ] [ VIEW ] D:\Vc_PHP\Apache24\htdocs\Bookstore\shop\public/../application/index\view\widget\retrieval.html [ array (
  0 => 'data',
) ]
[ info ] [ RUN ] app\index\widget\Widgets->main_nav[ D:\Vc_PHP\Apache24\htdocs\Bookstore\shop\application\index\widget\Widgets.php ]
[ info ] [ VIEW ] D:\Vc_PHP\Apache24\htdocs\Bookstore\shop\public/../application/index\view\widget\main_nav.html [ array (
  0 => 'data',
) ]
[ info ] [ RUN ] app\index\widget\Widgets->hot_images[ D:\Vc_PHP\Apache24\htdocs\Bookstore\shop\application\index\widget\Widgets.php ]
[ info ] [ VIEW ] D:\Vc_PHP\Apache24\htdocs\Bookstore\shop\public/../application/index\view\widget\hot_images.html [ array (
  0 => 'data',
) ]
[ info ] [ RUN ] app\index\widget\MobileWidgets->MobileClass[ D:\Vc_PHP\Apache24\htdocs\Bookstore\shop\application\index\widget\MobileWidgets.php ]
[ info ] [ VIEW ] D:\Vc_PHP\Apache24\htdocs\Bookstore\shop\public/../application/index\view\mobilewidgets\mobileclass.html [ array (
  0 => 'data',
) ]
[ info ] [ RUN ] app\index\widget\Widgets->newBook[ D:\Vc_PHP\Apache24\htdocs\Bookstore\shop\application\index\widget\Widgets.php ]
[ info ] [ VIEW ] D:\Vc_PHP\Apache24\htdocs\Bookstore\shop\public/../application/index\view\widget\newbook.html [ array (
  0 => 'data',
) ]
[ info ] [ RUN ] app\index\widget\Widgets->Rankings[ D:\Vc_PHP\Apache24\htdocs\Bookstore\shop\application\index\widget\Widgets.php ]
[ info ] [ VIEW ] D:\Vc_PHP\Apache24\htdocs\Bookstore\shop\public/../application/index\view\widget\rankings.html [ array (
  0 => 'data',
) ]
[ info ] [ RUN ] app\index\widget\Widgets->about[ D:\Vc_PHP\Apache24\htdocs\Bookstore\shop\application\index\widget\Widgets.php ]
[ info ] [ VIEW ] D:\Vc_PHP\Apache24\htdocs\Bookstore\shop\public/../application/index\view\widget\about.html [ array (
  0 => 'data',
) ]
[ info ] [ LOG ] INIT File
[ sql ] [ DB ] CONNECT:[ UseTime:0.010359s ] mysql:host=127.0.0.1;port=3306;dbname=bookstore;charset=utf8
[ sql ] [ SQL ] SHOW COLUMNS FROM `ordinary_users` [ RunTime:0.024767s ]
[ sql ] [ SQL ] SELECT * FROM `ordinary_users` WHERE  `userid` IS NULL  AND `pass` IS NULL  AND `state` = 0 LIMIT 1 [ RunTime:0.001048s ]
[ sql ] [ SQL ] SHOW COLUMNS FROM `book_class` [ RunTime:0.019489s ]
[ sql ] [ SQL ] SELECT * FROM `book_class` ORDER BY `createtime`  desc LIMIT 10 [ RunTime:0.000918s ]
[ sql ] [ SQL ] SHOW COLUMNS FROM `books` [ RunTime:0.023634s ]
[ sql ] [ SQL ] SELECT * FROM `books` ORDER BY `s_time`  desc LIMIT 6 [ RunTime:0.000894s ]
[ sql ] [ SQL ] SELECT * FROM `books` ORDER BY `sales`  desc LIMIT 6 [ RunTime:0.000919s ]
