---------------------------------------------------------------
[ 2018-06-17T22:13:13+08:00 ] 127.0.0.1 GET /
[ info ] www.shops.com/ [运行时间：1.024491s][吞吐率：0.98req/s] [内存消耗：2,119.41kb] [文件加载：46]
[ info ] [ LANG ] D:\Vc_PHP\Apache24\htdocs\Bookstore\shop\thinkphp\lang\zh-cn.php
[ info ] [ ROUTE ] array (
  'type' => 'module',
  'module' => 
  array (
    0 => '',
    1 => NULL,
    2 => NULL,
  ),
)
[ info ] [ HEADER ] array (
  'host' => 'www.shops.com',
  'connection' => 'keep-alive',
  'upgrade-insecure-requests' => '1',
  'user-agent' => 'Mozilla/5.0 (Windows NT 10.0; Win64; x64) AppleWebKit/537.36 (KHTML, like Gecko) Chrome/67.0.3396.87 Safari/537.36',
  'accept' => 'text/html,application/xhtml+xml,application/xml;q=0.9,image/webp,image/apng,*/*;q=0.8',
  'accept-encoding' => 'gzip, deflate',
  'accept-language' => 'zh-CN,zh;q=0.9,zh-TW;q=0.8',
)
[ info ] [ PARAM ] array (
)
[ info ] [ RUN ] app\index\controller\Index->index[ D:\Vc_PHP\Apache24\htdocs\Bookstore\shop\application\index\controller\Index.php ]
[ info ] [ VIEW ] D:\Vc_PHP\Apache24\htdocs\Bookstore\shop\public/../application/index\view\index\index.html [ array (
) ]
[ info ] [ RUN ] app\index\widget\Widgets->head_nav[ D:\Vc_PHP\Apache24\htdocs\Bookstore\shop\application\index\widget\Widgets.php ]
[ info ] [ VIEW ] D:\Vc_PHP\Apache24\htdocs\Bookstore\shop\public/../application/index\view\widget\head_nav.html [ array (
) ]
[ info ] [ RUN ] app\index\widget\Widgets->retrieval[ D:\Vc_PHP\Apache24\htdocs\Bookstore\shop\application\index\widget\Widgets.php ]
[ info ] [ VIEW ] D:\Vc_PHP\Apache24\htdocs\Bookstore\shop\public/../application/index\view\widget\retrieval.html [ array (
) ]
[ info ] [ LOG ] INIT File
---------------------------------------------------------------
[ 2018-06-17T22:13:15+08:00 ] 127.0.0.1 GET /index/index/login
[ info ] www.shops.com/index/index/login [运行时间：0.121159s][吞吐率：8.25req/s] [内存消耗：2,198.48kb] [文件加载：46]
[ info ] [ LANG ] D:\Vc_PHP\Apache24\htdocs\Bookstore\shop\thinkphp\lang\zh-cn.php
[ info ] [ ROUTE ] array (
  'type' => 'module',
  'module' => 
  array (
    0 => 'index',
    1 => 'index',
    2 => 'login',
  ),
)
[ info ] [ HEADER ] array (
  'host' => 'www.shops.com',
  'connection' => 'keep-alive',
  'upgrade-insecure-requests' => '1',
  'user-agent' => 'Mozilla/5.0 (Windows NT 10.0; Win64; x64) AppleWebKit/537.36 (KHTML, like Gecko) Chrome/67.0.3396.87 Safari/537.36',
  'accept' => 'text/html,application/xhtml+xml,application/xml;q=0.9,image/webp,image/apng,*/*;q=0.8',
  'referer' => 'http://www.shops.com/',
  'accept-encoding' => 'gzip, deflate',
  'accept-language' => 'zh-CN,zh;q=0.9,zh-TW;q=0.8',
)
[ info ] [ PARAM ] array (
)
[ info ] [ RUN ] app\index\controller\Index->login[ D:\Vc_PHP\Apache24\htdocs\Bookstore\shop\application\index\controller\Index.php ]
[ info ] [ VIEW ] D:\Vc_PHP\Apache24\htdocs\Bookstore\shop\public/../application/index\view\index\login.html [ array (
) ]
[ info ] [ RUN ] app\index\widget\Widgets->head_nav[ D:\Vc_PHP\Apache24\htdocs\Bookstore\shop\application\index\widget\Widgets.php ]
[ info ] [ VIEW ] D:\Vc_PHP\Apache24\htdocs\Bookstore\shop\public/../application/index\view\widget\head_nav.html [ array (
) ]
[ info ] [ LOG ] INIT File
---------------------------------------------------------------
[ 2018-06-17T22:13:15+08:00 ] 127.0.0.1 GET /captcha.html
[ info ] www.shops.com/captcha.html [运行时间：0.241767s][吞吐率：4.14req/s] [内存消耗：1,799.84kb] [文件加载：41]
[ info ] [ LANG ] D:\Vc_PHP\Apache24\htdocs\Bookstore\shop\thinkphp\lang\zh-cn.php
[ info ] [ ROUTE ] array (
  'type' => 'method',
  'method' => 
  array (
    0 => '\\think\\captcha\\CaptchaController',
    1 => 'index',
  ),
  'var' => 
  array (
  ),
)
[ info ] [ HEADER ] array (
  'host' => 'www.shops.com',
  'connection' => 'keep-alive',
  'user-agent' => 'Mozilla/5.0 (Windows NT 10.0; Win64; x64) AppleWebKit/537.36 (KHTML, like Gecko) Chrome/67.0.3396.87 Safari/537.36',
  'accept' => 'image/webp,image/apng,image/*,*/*;q=0.8',
  'referer' => 'http://www.shops.com/index/index/login',
  'accept-encoding' => 'gzip, deflate',
  'accept-language' => 'zh-CN,zh;q=0.9,zh-TW;q=0.8',
)
[ info ] [ PARAM ] array (
  'id' => NULL,
)
[ info ] [ RUN ] think\captcha\CaptchaController->index[ D:\Vc_PHP\Apache24\htdocs\Bookstore\shop\vendor\topthink\think-captcha\src\CaptchaController.php ]
[ info ] [ LOG ] INIT File
[ error ] [2]imagettftext(): Could not read font[D:\Vc_PHP\Apache24\htdocs\Bookstore\shop\vendor\topthink\think-captcha\src\Captcha.php:191]
---------------------------------------------------------------
[ 2018-06-17T22:13:29+08:00 ] 127.0.0.1 GET /index/index/login
[ info ] www.shops.com/index/index/login [运行时间：0.033374s][吞吐率：29.96req/s] [内存消耗：2,198.87kb] [文件加载：46]
[ info ] [ LANG ] D:\Vc_PHP\Apache24\htdocs\Bookstore\shop\thinkphp\lang\zh-cn.php
[ info ] [ ROUTE ] array (
  'type' => 'module',
  'module' => 
  array (
    0 => 'index',
    1 => 'index',
    2 => 'login',
  ),
)
[ info ] [ HEADER ] array (
  'host' => 'www.shops.com',
  'connection' => 'keep-alive',
  'cache-control' => 'max-age=0',
  'upgrade-insecure-requests' => '1',
  'user-agent' => 'Mozilla/5.0 (Windows NT 10.0; Win64; x64) AppleWebKit/537.36 (KHTML, like Gecko) Chrome/67.0.3396.87 Safari/537.36',
  'accept' => 'text/html,application/xhtml+xml,application/xml;q=0.9,image/webp,image/apng,*/*;q=0.8',
  'referer' => 'http://www.shops.com/',
  'accept-encoding' => 'gzip, deflate',
  'accept-language' => 'zh-CN,zh;q=0.9,zh-TW;q=0.8',
)
[ info ] [ PARAM ] array (
)
[ info ] [ RUN ] app\index\controller\Index->login[ D:\Vc_PHP\Apache24\htdocs\Bookstore\shop\application\index\controller\Index.php ]
[ info ] [ VIEW ] D:\Vc_PHP\Apache24\htdocs\Bookstore\shop\public/../application/index\view\index\login.html [ array (
) ]
[ info ] [ RUN ] app\index\widget\Widgets->head_nav[ D:\Vc_PHP\Apache24\htdocs\Bookstore\shop\application\index\widget\Widgets.php ]
[ info ] [ VIEW ] D:\Vc_PHP\Apache24\htdocs\Bookstore\shop\public/../application/index\view\widget\head_nav.html [ array (
) ]
[ info ] [ LOG ] INIT File
---------------------------------------------------------------
[ 2018-06-17T22:13:29+08:00 ] 127.0.0.1 GET /captcha.html
[ info ] www.shops.com/captcha.html [运行时间：0.029209s][吞吐率：34.24req/s] [内存消耗：1,799.84kb] [文件加载：41]
[ info ] [ LANG ] D:\Vc_PHP\Apache24\htdocs\Bookstore\shop\thinkphp\lang\zh-cn.php
[ info ] [ ROUTE ] array (
  'type' => 'method',
  'method' => 
  array (
    0 => '\\think\\captcha\\CaptchaController',
    1 => 'index',
  ),
  'var' => 
  array (
  ),
)
[ info ] [ HEADER ] array (
  'host' => 'www.shops.com',
  'connection' => 'keep-alive',
  'user-agent' => 'Mozilla/5.0 (Windows NT 10.0; Win64; x64) AppleWebKit/537.36 (KHTML, like Gecko) Chrome/67.0.3396.87 Safari/537.36',
  'accept' => 'image/webp,image/apng,image/*,*/*;q=0.8',
  'referer' => 'http://www.shops.com/index/index/login',
  'accept-encoding' => 'gzip, deflate',
  'accept-language' => 'zh-CN,zh;q=0.9,zh-TW;q=0.8',
)
[ info ] [ PARAM ] array (
  'id' => NULL,
)
[ info ] [ RUN ] think\captcha\CaptchaController->index[ D:\Vc_PHP\Apache24\htdocs\Bookstore\shop\vendor\topthink\think-captcha\src\CaptchaController.php ]
[ info ] [ LOG ] INIT File
[ error ] [2]imagettftext(): Could not read font[D:\Vc_PHP\Apache24\htdocs\Bookstore\shop\vendor\topthink\think-captcha\src\Captcha.php:191]
---------------------------------------------------------------
[ 2018-06-17T22:13:34+08:00 ] 127.0.0.1 GET /captcha?id=1529244814
[ info ] www.shops.com/captcha?id=1529244814 [运行时间：0.031463s][吞吐率：31.78req/s] [内存消耗：1,799.80kb] [文件加载：41]
[ info ] [ LANG ] D:\Vc_PHP\Apache24\htdocs\Bookstore\shop\thinkphp\lang\zh-cn.php
[ info ] [ ROUTE ] array (
  'type' => 'method',
  'method' => 
  array (
    0 => '\\think\\captcha\\CaptchaController',
    1 => 'index',
  ),
  'var' => 
  array (
  ),
)
[ info ] [ HEADER ] array (
  'host' => 'www.shops.com',
  'connection' => 'keep-alive',
  'user-agent' => 'Mozilla/5.0 (Windows NT 10.0; Win64; x64) AppleWebKit/537.36 (KHTML, like Gecko) Chrome/67.0.3396.87 Safari/537.36',
  'accept' => 'image/webp,image/apng,image/*,*/*;q=0.8',
  'referer' => 'http://www.shops.com/index/index/login',
  'accept-encoding' => 'gzip, deflate',
  'accept-language' => 'zh-CN,zh;q=0.9,zh-TW;q=0.8',
)
[ info ] [ PARAM ] array (
  'id' => NULL,
)
[ info ] [ RUN ] think\captcha\CaptchaController->index[ D:\Vc_PHP\Apache24\htdocs\Bookstore\shop\vendor\topthink\think-captcha\src\CaptchaController.php ]
[ info ] [ LOG ] INIT File
[ error ] [2]imagettftext(): Could not read font[D:\Vc_PHP\Apache24\htdocs\Bookstore\shop\vendor\topthink\think-captcha\src\Captcha.php:191]
---------------------------------------------------------------
[ 2018-06-17T22:13:49+08:00 ] 127.0.0.1 GET /index/index/login
[ info ] www.shops.com/index/index/login [运行时间：0.074658s][吞吐率：13.39req/s] [内存消耗：2,198.87kb] [文件加载：46]
[ info ] [ LANG ] D:\Vc_PHP\Apache24\htdocs\Bookstore\shop\thinkphp\lang\zh-cn.php
[ info ] [ ROUTE ] array (
  'type' => 'module',
  'module' => 
  array (
    0 => 'index',
    1 => 'index',
    2 => 'login',
  ),
)
[ info ] [ HEADER ] array (
  'host' => 'www.shops.com',
  'connection' => 'keep-alive',
  'cache-control' => 'max-age=0',
  'upgrade-insecure-requests' => '1',
  'user-agent' => 'Mozilla/5.0 (Windows NT 10.0; Win64; x64) AppleWebKit/537.36 (KHTML, like Gecko) Chrome/67.0.3396.87 Safari/537.36',
  'accept' => 'text/html,application/xhtml+xml,application/xml;q=0.9,image/webp,image/apng,*/*;q=0.8',
  'referer' => 'http://www.shops.com/',
  'accept-encoding' => 'gzip, deflate',
  'accept-language' => 'zh-CN,zh;q=0.9,zh-TW;q=0.8',
)
[ info ] [ PARAM ] array (
)
[ info ] [ RUN ] app\index\controller\Index->login[ D:\Vc_PHP\Apache24\htdocs\Bookstore\shop\application\index\controller\Index.php ]
[ info ] [ VIEW ] D:\Vc_PHP\Apache24\htdocs\Bookstore\shop\public/../application/index\view\index\login.html [ array (
) ]
[ info ] [ RUN ] app\index\widget\Widgets->head_nav[ D:\Vc_PHP\Apache24\htdocs\Bookstore\shop\application\index\widget\Widgets.php ]
[ info ] [ VIEW ] D:\Vc_PHP\Apache24\htdocs\Bookstore\shop\public/../application/index\view\widget\head_nav.html [ array (
) ]
[ info ] [ LOG ] INIT File
---------------------------------------------------------------
[ 2018-06-17T22:13:49+08:00 ] 127.0.0.1 GET /captcha.html
[ info ] www.shops.com/captcha.html [运行时间：0.214837s][吞吐率：4.65req/s] [内存消耗：1,749.75kb] [文件加载：37]
[ info ] [ LANG ] D:\Vc_PHP\Apache24\htdocs\Bookstore\shop\thinkphp\lang\zh-cn.php
[ info ] [ ROUTE ] array (
  'type' => 'method',
  'method' => 
  array (
    0 => '\\think\\captcha\\CaptchaController',
    1 => 'index',
  ),
  'var' => 
  array (
  ),
)
[ info ] [ HEADER ] array (
  'host' => 'www.shops.com',
  'connection' => 'keep-alive',
  'user-agent' => 'Mozilla/5.0 (Windows NT 10.0; Win64; x64) AppleWebKit/537.36 (KHTML, like Gecko) Chrome/67.0.3396.87 Safari/537.36',
  'accept' => 'image/webp,image/apng,image/*,*/*;q=0.8',
  'referer' => 'http://www.shops.com/index/index/login',
  'accept-encoding' => 'gzip, deflate',
  'accept-language' => 'zh-CN,zh;q=0.9,zh-TW;q=0.8',
)
[ info ] [ PARAM ] array (
  'id' => NULL,
)
[ info ] [ RUN ] think\captcha\CaptchaController->index[ D:\Vc_PHP\Apache24\htdocs\Bookstore\shop\vendor\topthink\think-captcha\src\CaptchaController.php ]
[ info ] [ SESSION ] INIT array (
  'id' => '',
  'var_session_id' => '',
  'prefix' => 'think',
  'type' => '',
  'auto_start' => true,
)
[ info ] [ LOG ] INIT File
